-- Found ament_cmake: 1.3.5 (/opt/ros/humble/share/ament_cmake/cmake)
-- Override CMake install command with custom implementation using symlinks instead of copying resources
-- Configuring done
-- Generating done
-- Build files have been written to: /home/vom/RasPi_LiDAR/build/velodyne_lidar_bringup
-- Install configuration: ""
-- Execute custom install script
-- Up-to-date symlink: /home/vom/RasPi_LiDAR/install/velodyne_lidar_bringup/share/velodyne_lidar_bringup/launch/lidar.launch.py
-- Up-to-date symlink: /home/vom/RasPi_LiDAR/install/velodyne_lidar_bringup/share/ament_index/resource_index/package_run_dependencies/velodyne_lidar_bringup
-- Up-to-date symlink: /home/vom/RasPi_LiDAR/install/velodyne_lidar_bringup/share/ament_index/resource_index/parent_prefix_path/velodyne_lidar_bringup
-- Up-to-date symlink: /home/vom/RasPi_LiDAR/install/velodyne_lidar_bringup/share/velodyne_lidar_bringup/environment/ament_prefix_path.sh
-- Up-to-date symlink: /home/vom/RasPi_LiDAR/install/velodyne_lidar_bringup/share/velodyne_lidar_bringup/environment/ament_prefix_path.dsv
-- Up-to-date symlink: /home/vom/RasPi_LiDAR/install/velodyne_lidar_bringup/share/velodyne_lidar_bringup/environment/path.sh
-- Up-to-date symlink: /home/vom/RasPi_LiDAR/install/velodyne_lidar_bringup/share/velodyne_lidar_bringup/environment/path.dsv
-- Up-to-date symlink: /home/vom/RasPi_LiDAR/install/velodyne_lidar_bringup/share/velodyne_lidar_bringup/local_setup.bash
-- Up-to-date symlink: /home/vom/RasPi_LiDAR/install/velodyne_lidar_bringup/share/velodyne_lidar_bringup/local_setup.sh
-- Up-to-date symlink: /home/vom/RasPi_LiDAR/install/velodyne_lidar_bringup/share/velodyne_lidar_bringup/local_setup.zsh
-- Up-to-date symlink: /home/vom/RasPi_LiDAR/install/velodyne_lidar_bringup/share/velodyne_lidar_bringup/local_setup.dsv
-- Symlinking: /home/vom/RasPi_LiDAR/install/velodyne_lidar_bringup/share/velodyne_lidar_bringup/package.dsv
-- Up-to-date symlink: /home/vom/RasPi_LiDAR/install/velodyne_lidar_bringup/share/ament_index/resource_index/packages/velodyne_lidar_bringup
-- Up-to-date symlink: /home/vom/RasPi_LiDAR/install/velodyne_lidar_bringup/share/velodyne_lidar_bringup/cmake/velodyne_lidar_bringupConfig.cmake
-- Up-to-date symlink: /home/vom/RasPi_LiDAR/install/velodyne_lidar_bringup/share/velodyne_lidar_bringup/cmake/velodyne_lidar_bringupConfig-version.cmake
-- Up-to-date symlink: /home/vom/RasPi_LiDAR/install/velodyne_lidar_bringup/share/velodyne_lidar_bringup/package.xml
