[0.453s] Invoking command in '/home/vom/RasPi_LiDAR/build/velodyne_lidar_bringup': CMAKE_PREFIX_PATH=${CMAKE_PREFIX_PATH}:/home/vom/ros2_ws/install/velodyne_lidar:/home/vom/ros2_ws/install/rgb_camera:/home/vom/ros2_ws/install/ir_camera:/home/vom/RasPi_LiDAR/install/velodyne_lidar:/home/vom/Nano_Vision/install/rgb_camera:/home/vom/Nano_Vision/install/ir_camera:/opt/ros/humble /usr/bin/cmake /home/vom/RasPi_LiDAR/src/velodyne_lidar_bringup -DAMENT_CMAKE_SYMLINK_INSTALL=1 -DCMAKE_INSTALL_PREFIX=/home/vom/RasPi_LiDAR/install/velodyne_lidar_bringup
[0.479s] -- Found ament_cmake: 1.3.5 (/opt/ros/humble/share/ament_cmake/cmake)
[0.631s] -- Override CMake install command with custom implementation using symlinks instead of copying resources
[0.742s] -- Configuring done
[0.749s] -- Generating done
[0.750s] -- Build files have been written to: /home/vom/RasPi_LiDAR/build/velodyne_lidar_bringup
[0.752s] Invoked command in '/home/vom/RasPi_LiDAR/build/velodyne_lidar_bringup' returned '0': CMAKE_PREFIX_PATH=${CMAKE_PREFIX_PATH}:/home/vom/ros2_ws/install/velodyne_lidar:/home/vom/ros2_ws/install/rgb_camera:/home/vom/ros2_ws/install/ir_camera:/home/vom/RasPi_LiDAR/install/velodyne_lidar:/home/vom/Nano_Vision/install/rgb_camera:/home/vom/Nano_Vision/install/ir_camera:/opt/ros/humble /usr/bin/cmake /home/vom/RasPi_LiDAR/src/velodyne_lidar_bringup -DAMENT_CMAKE_SYMLINK_INSTALL=1 -DCMAKE_INSTALL_PREFIX=/home/vom/RasPi_LiDAR/install/velodyne_lidar_bringup
[0.754s] Invoking command in '/home/vom/RasPi_LiDAR/build/velodyne_lidar_bringup': CMAKE_PREFIX_PATH=${CMAKE_PREFIX_PATH}:/home/vom/ros2_ws/install/velodyne_lidar:/home/vom/ros2_ws/install/rgb_camera:/home/vom/ros2_ws/install/ir_camera:/home/vom/RasPi_LiDAR/install/velodyne_lidar:/home/vom/Nano_Vision/install/rgb_camera:/home/vom/Nano_Vision/install/ir_camera:/opt/ros/humble /usr/bin/cmake --build /home/vom/RasPi_LiDAR/build/velodyne_lidar_bringup -- -j8 -l8
[0.783s] Invoked command in '/home/vom/RasPi_LiDAR/build/velodyne_lidar_bringup' returned '0': CMAKE_PREFIX_PATH=${CMAKE_PREFIX_PATH}:/home/vom/ros2_ws/install/velodyne_lidar:/home/vom/ros2_ws/install/rgb_camera:/home/vom/ros2_ws/install/ir_camera:/home/vom/RasPi_LiDAR/install/velodyne_lidar:/home/vom/Nano_Vision/install/rgb_camera:/home/vom/Nano_Vision/install/ir_camera:/opt/ros/humble /usr/bin/cmake --build /home/vom/RasPi_LiDAR/build/velodyne_lidar_bringup -- -j8 -l8
[0.807s] Invoking command in '/home/vom/RasPi_LiDAR/build/velodyne_lidar_bringup': CMAKE_PREFIX_PATH=${CMAKE_PREFIX_PATH}:/home/vom/ros2_ws/install/velodyne_lidar:/home/vom/ros2_ws/install/rgb_camera:/home/vom/ros2_ws/install/ir_camera:/home/vom/RasPi_LiDAR/install/velodyne_lidar:/home/vom/Nano_Vision/install/rgb_camera:/home/vom/Nano_Vision/install/ir_camera:/opt/ros/humble /usr/bin/cmake --install /home/vom/RasPi_LiDAR/build/velodyne_lidar_bringup
[0.814s] -- Install configuration: ""
[0.815s] -- Execute custom install script
[0.815s] -- Up-to-date symlink: /home/vom/RasPi_LiDAR/install/velodyne_lidar_bringup/share/velodyne_lidar_bringup/launch/lidar.launch.py
[0.816s] -- Up-to-date symlink: /home/vom/RasPi_LiDAR/install/velodyne_lidar_bringup/share/ament_index/resource_index/package_run_dependencies/velodyne_lidar_bringup
[0.816s] -- Up-to-date symlink: /home/vom/RasPi_LiDAR/install/velodyne_lidar_bringup/share/ament_index/resource_index/parent_prefix_path/velodyne_lidar_bringup
[0.816s] -- Up-to-date symlink: /home/vom/RasPi_LiDAR/install/velodyne_lidar_bringup/share/velodyne_lidar_bringup/environment/ament_prefix_path.sh
[0.816s] -- Up-to-date symlink: /home/vom/RasPi_LiDAR/install/velodyne_lidar_bringup/share/velodyne_lidar_bringup/environment/ament_prefix_path.dsv
[0.816s] -- Up-to-date symlink: /home/vom/RasPi_LiDAR/install/velodyne_lidar_bringup/share/velodyne_lidar_bringup/environment/path.sh
[0.816s] -- Up-to-date symlink: /home/vom/RasPi_LiDAR/install/velodyne_lidar_bringup/share/velodyne_lidar_bringup/environment/path.dsv
[0.817s] -- Up-to-date symlink: /home/vom/RasPi_LiDAR/install/velodyne_lidar_bringup/share/velodyne_lidar_bringup/local_setup.bash
[0.817s] -- Up-to-date symlink: /home/vom/RasPi_LiDAR/install/velodyne_lidar_bringup/share/velodyne_lidar_bringup/local_setup.sh
[0.817s] -- Up-to-date symlink: /home/vom/RasPi_LiDAR/install/velodyne_lidar_bringup/share/velodyne_lidar_bringup/local_setup.zsh
[0.817s] -- Up-to-date symlink: /home/vom/RasPi_LiDAR/install/velodyne_lidar_bringup/share/velodyne_lidar_bringup/local_setup.dsv
[0.817s] -- Symlinking: /home/vom/RasPi_LiDAR/install/velodyne_lidar_bringup/share/velodyne_lidar_bringup/package.dsv
[0.824s] -- Up-to-date symlink: /home/vom/RasPi_LiDAR/install/velodyne_lidar_bringup/share/ament_index/resource_index/packages/velodyne_lidar_bringup
[0.824s] -- Up-to-date symlink: /home/vom/RasPi_LiDAR/install/velodyne_lidar_bringup/share/velodyne_lidar_bringup/cmake/velodyne_lidar_bringupConfig.cmake
[0.824s] -- Up-to-date symlink: /home/vom/RasPi_LiDAR/install/velodyne_lidar_bringup/share/velodyne_lidar_bringup/cmake/velodyne_lidar_bringupConfig-version.cmake
[0.824s] -- Up-to-date symlink: /home/vom/RasPi_LiDAR/install/velodyne_lidar_bringup/share/velodyne_lidar_bringup/package.xml
[0.826s] Invoked command in '/home/vom/RasPi_LiDAR/build/velodyne_lidar_bringup' returned '0': CMAKE_PREFIX_PATH=${CMAKE_PREFIX_PATH}:/home/vom/ros2_ws/install/velodyne_lidar:/home/vom/ros2_ws/install/rgb_camera:/home/vom/ros2_ws/install/ir_camera:/home/vom/RasPi_LiDAR/install/velodyne_lidar:/home/vom/Nano_Vision/install/rgb_camera:/home/vom/Nano_Vision/install/ir_camera:/opt/ros/humble /usr/bin/cmake --install /home/vom/RasPi_LiDAR/build/velodyne_lidar_bringup
