[0.416s] Invoking command in '/home/vom/RasPi_LiDAR/build/velodyne_lidar_bringup': CMAKE_PREFIX_PATH=${CMAKE_PREFIX_PATH}:/home/vom/Nano_Vision/install/rgb_camera:/home/vom/Nano_Vision/install/ir_camera:/home/vom/RasPi_LiDAR/install/velodyne_lidar:/opt/ros/humble /usr/bin/cmake /home/vom/RasPi_LiDAR/src/velodyne_lidar_bringup -DCMAKE_INSTALL_PREFIX=/home/vom/RasPi_LiDAR/install/velodyne_lidar_bringup
[0.448s] -- Found ament_cmake: 1.3.5 (/opt/ros/humble/share/ament_cmake/cmake)
[0.605s] -- Override CMake install command with custom implementation using symlinks instead of copying resources
[0.708s] -- Configuring done
[0.715s] -- Generating done
[0.716s] -- Build files have been written to: /home/vom/RasPi_LiDAR/build/velodyne_lidar_bringup
[0.719s] Invoked command in '/home/vom/RasPi_LiDAR/build/velodyne_lidar_bringup' returned '0': CMAKE_PREFIX_PATH=${CMAKE_PREFIX_PATH}:/home/vom/Nano_Vision/install/rgb_camera:/home/vom/Nano_Vision/install/ir_camera:/home/vom/RasPi_LiDAR/install/velodyne_lidar:/opt/ros/humble /usr/bin/cmake /home/vom/RasPi_LiDAR/src/velodyne_lidar_bringup -DCMAKE_INSTALL_PREFIX=/home/vom/RasPi_LiDAR/install/velodyne_lidar_bringup
[0.720s] Invoking command in '/home/vom/RasPi_LiDAR/build/velodyne_lidar_bringup': CMAKE_PREFIX_PATH=${CMAKE_PREFIX_PATH}:/home/vom/Nano_Vision/install/rgb_camera:/home/vom/Nano_Vision/install/ir_camera:/home/vom/RasPi_LiDAR/install/velodyne_lidar:/opt/ros/humble /usr/bin/cmake --build /home/vom/RasPi_LiDAR/build/velodyne_lidar_bringup -- -j8 -l8
[0.758s] Invoked command in '/home/vom/RasPi_LiDAR/build/velodyne_lidar_bringup' returned '0': CMAKE_PREFIX_PATH=${CMAKE_PREFIX_PATH}:/home/vom/Nano_Vision/install/rgb_camera:/home/vom/Nano_Vision/install/ir_camera:/home/vom/RasPi_LiDAR/install/velodyne_lidar:/opt/ros/humble /usr/bin/cmake --build /home/vom/RasPi_LiDAR/build/velodyne_lidar_bringup -- -j8 -l8
[0.785s] Invoking command in '/home/vom/RasPi_LiDAR/build/velodyne_lidar_bringup': CMAKE_PREFIX_PATH=${CMAKE_PREFIX_PATH}:/home/vom/Nano_Vision/install/rgb_camera:/home/vom/Nano_Vision/install/ir_camera:/home/vom/RasPi_LiDAR/install/velodyne_lidar:/opt/ros/humble /usr/bin/cmake --install /home/vom/RasPi_LiDAR/build/velodyne_lidar_bringup
[0.791s] -- Install configuration: ""
[0.792s] -- Execute custom install script
[0.792s] -- Symlinking: /home/vom/RasPi_LiDAR/install/velodyne_lidar_bringup/share/velodyne_lidar_bringup/launch/lidar.launch.py
[0.799s] -- Symlinking: /home/vom/RasPi_LiDAR/install/velodyne_lidar_bringup/share/ament_index/resource_index/package_run_dependencies/velodyne_lidar_bringup
[0.807s] -- Symlinking: /home/vom/RasPi_LiDAR/install/velodyne_lidar_bringup/share/ament_index/resource_index/parent_prefix_path/velodyne_lidar_bringup
[0.814s] -- Symlinking: /home/vom/RasPi_LiDAR/install/velodyne_lidar_bringup/share/velodyne_lidar_bringup/environment/ament_prefix_path.sh
[0.821s] -- Symlinking: /home/vom/RasPi_LiDAR/install/velodyne_lidar_bringup/share/velodyne_lidar_bringup/environment/ament_prefix_path.dsv
[0.829s] -- Symlinking: /home/vom/RasPi_LiDAR/install/velodyne_lidar_bringup/share/velodyne_lidar_bringup/environment/path.sh
[0.837s] -- Symlinking: /home/vom/RasPi_LiDAR/install/velodyne_lidar_bringup/share/velodyne_lidar_bringup/environment/path.dsv
[0.847s] -- Symlinking: /home/vom/RasPi_LiDAR/install/velodyne_lidar_bringup/share/velodyne_lidar_bringup/local_setup.bash
[0.854s] -- Symlinking: /home/vom/RasPi_LiDAR/install/velodyne_lidar_bringup/share/velodyne_lidar_bringup/local_setup.sh
[0.864s] -- Symlinking: /home/vom/RasPi_LiDAR/install/velodyne_lidar_bringup/share/velodyne_lidar_bringup/local_setup.zsh
[0.878s] -- Symlinking: /home/vom/RasPi_LiDAR/install/velodyne_lidar_bringup/share/velodyne_lidar_bringup/local_setup.dsv
[0.887s] -- Symlinking: /home/vom/RasPi_LiDAR/install/velodyne_lidar_bringup/share/velodyne_lidar_bringup/package.dsv
[0.896s] -- Symlinking: /home/vom/RasPi_LiDAR/install/velodyne_lidar_bringup/share/ament_index/resource_index/packages/velodyne_lidar_bringup
[0.907s] -- Symlinking: /home/vom/RasPi_LiDAR/install/velodyne_lidar_bringup/share/velodyne_lidar_bringup/cmake/velodyne_lidar_bringupConfig.cmake
[0.919s] -- Symlinking: /home/vom/RasPi_LiDAR/install/velodyne_lidar_bringup/share/velodyne_lidar_bringup/cmake/velodyne_lidar_bringupConfig-version.cmake
[0.925s] -- Symlinking: /home/vom/RasPi_LiDAR/install/velodyne_lidar_bringup/share/velodyne_lidar_bringup/package.xml
[0.936s] Invoked command in '/home/vom/RasPi_LiDAR/build/velodyne_lidar_bringup' returned '0': CMAKE_PREFIX_PATH=${CMAKE_PREFIX_PATH}:/home/vom/Nano_Vision/install/rgb_camera:/home/vom/Nano_Vision/install/ir_camera:/home/vom/RasPi_LiDAR/install/velodyne_lidar:/opt/ros/humble /usr/bin/cmake --install /home/vom/RasPi_LiDAR/build/velodyne_lidar_bringup
