[0.773s] Invoking command in '/home/vom/RasPi_LiDAR/build/velodyne_lidar': PYTHONPATH=/home/vom/RasPi_LiDAR/build/velodyne_lidar/prefix_override:/home/vom/RasPi_LiDAR/install/velodyne_lidar/lib/python3.10/site-packages:${PYTHONPATH} /usr/bin/python3 setup.py develop --editable --build-directory /home/vom/RasPi_LiDAR/build/velodyne_lidar/build --no-deps install_data
[1.014s] running develop
[1.173s] running egg_info
[1.173s] creating velodyne_lidar.egg-info
[1.174s] writing velodyne_lidar.egg-info/PKG-INFO
[1.174s] writing dependency_links to velodyne_lidar.egg-info/dependency_links.txt
[1.178s] writing entry points to velodyne_lidar.egg-info/entry_points.txt
[1.178s] writing requirements to velodyne_lidar.egg-info/requires.txt
[1.179s] writing top-level names to velodyne_lidar.egg-info/top_level.txt
[1.179s] writing manifest file 'velodyne_lidar.egg-info/SOURCES.txt'
[1.182s] reading manifest file 'velodyne_lidar.egg-info/SOURCES.txt'
[1.183s] writing manifest file 'velodyne_lidar.egg-info/SOURCES.txt'
[1.226s] running build_ext
[1.226s] Creating /home/vom/RasPi_LiDAR/install/velodyne_lidar/lib/python3.10/site-packages/velodyne-lidar.egg-link (link to .)
[1.227s] Installing lidar_read script to /home/vom/RasPi_LiDAR/install/velodyne_lidar/lib/velodyne_lidar
[1.227s] 
[1.227s] Installed /home/vom/RasPi_LiDAR/build/velodyne_lidar
[1.227s] running install_data
[1.227s] creating /home/vom/RasPi_LiDAR/install/velodyne_lidar/share/ament_index
[1.227s] creating /home/vom/RasPi_LiDAR/install/velodyne_lidar/share/ament_index/resource_index
[1.227s] creating /home/vom/RasPi_LiDAR/install/velodyne_lidar/share/ament_index/resource_index/packages
[1.227s] copying resource/velodyne_lidar -> /home/vom/RasPi_LiDAR/install/velodyne_lidar/share/ament_index/resource_index/packages
[1.227s] copying package.xml -> /home/vom/RasPi_LiDAR/install/velodyne_lidar/share/velodyne_lidar
[1.257s] Invoked command in '/home/vom/RasPi_LiDAR/build/velodyne_lidar' returned '0': PYTHONPATH=/home/vom/RasPi_LiDAR/build/velodyne_lidar/prefix_override:/home/vom/RasPi_LiDAR/install/velodyne_lidar/lib/python3.10/site-packages:${PYTHONPATH} /usr/bin/python3 setup.py develop --editable --build-directory /home/vom/RasPi_LiDAR/build/velodyne_lidar/build --no-deps install_data
