[1.007s] DEBUG:colcon:Command line arguments: ['/usr/bin/colcon', 'build', '--symlink-install']
[1.007s] DEBUG:colcon:Parsed command line arguments: Namespace(log_base=None, log_level=None, verb_name='build', build_base='build', install_base='install', merge_install=False, symlink_install=True, test_result_base=None, continue_on_error=False, executor='parallel', parallel_workers=8, event_handlers=None, ignore_user_meta=False, metas=['./colcon.meta'], base_paths=['.'], packages_ignore=None, packages_ignore_regex=None, paths=None, packages_up_to=None, packages_up_to_regex=None, packages_above=None, packages_above_and_dependencies=None, packages_above_depth=None, packages_select_by_dep=None, packages_skip_by_dep=None, packages_skip_up_to=None, packages_select_build_failed=False, packages_skip_build_finished=False, packages_select_test_failures=False, packages_skip_test_passed=False, packages_select=None, packages_skip=None, packages_select_regex=None, packages_skip_regex=None, packages_start=None, packages_end=None, allow_overriding=[], cmake_args=None, cmake_target=None, cmake_target_skip_unavailable=False, cmake_clean_cache=False, cmake_clean_first=False, cmake_force_configure=False, ament_cmake_args=None, catkin_cmake_args=None, catkin_skip_building_tests=False, verb_parser=<colcon_defaults.argument_parser.defaults.DefaultArgumentsDecorator object at 0x7f13051db5e0>, verb_extension=<colcon_core.verb.build.BuildVerb object at 0x7f130563bac0>, main=<bound method BuildVerb.main of <colcon_core.verb.build.BuildVerb object at 0x7f130563bac0>>)
[1.076s] Level 1:colcon.colcon_core.package_discovery:discover_packages(colcon_meta) check parameters
[1.076s] Level 1:colcon.colcon_core.package_discovery:discover_packages(recursive) check parameters
[1.076s] Level 1:colcon.colcon_core.package_discovery:discover_packages(ignore) check parameters
[1.076s] Level 1:colcon.colcon_core.package_discovery:discover_packages(path) check parameters
[1.076s] Level 1:colcon.colcon_core.package_discovery:discover_packages(colcon_meta) discover
[1.076s] Level 1:colcon.colcon_core.package_discovery:discover_packages(recursive) discover
[1.076s] INFO:colcon.colcon_core.package_discovery:Crawling recursively for packages in '/home/vom/RasPi_LiDAR'
[1.077s] Level 1:colcon.colcon_core.package_identification:_identify(.) by extensions ['ignore', 'ignore_ament_install']
[1.077s] Level 1:colcon.colcon_core.package_identification:_identify(.) by extension 'ignore'
[1.077s] Level 1:colcon.colcon_core.package_identification:_identify(.) by extension 'ignore_ament_install'
[1.077s] Level 1:colcon.colcon_core.package_identification:_identify(.) by extensions ['colcon_pkg']
[1.077s] Level 1:colcon.colcon_core.package_identification:_identify(.) by extension 'colcon_pkg'
[1.077s] Level 1:colcon.colcon_core.package_identification:_identify(.) by extensions ['colcon_meta']
[1.077s] Level 1:colcon.colcon_core.package_identification:_identify(.) by extension 'colcon_meta'
[1.077s] Level 1:colcon.colcon_core.package_identification:_identify(.) by extensions ['ros']
[1.077s] Level 1:colcon.colcon_core.package_identification:_identify(.) by extension 'ros'
[1.090s] Level 1:colcon.colcon_core.package_identification:_identify(.) by extensions ['cmake', 'python']
[1.090s] Level 1:colcon.colcon_core.package_identification:_identify(.) by extension 'cmake'
[1.090s] Level 1:colcon.colcon_core.package_identification:_identify(.) by extension 'python'
[1.090s] Level 1:colcon.colcon_core.package_identification:_identify(.) by extensions ['python_setup_py']
[1.090s] Level 1:colcon.colcon_core.package_identification:_identify(.) by extension 'python_setup_py'
[1.090s] Level 1:colcon.colcon_core.package_identification:_identify(build) by extensions ['ignore', 'ignore_ament_install']
[1.090s] Level 1:colcon.colcon_core.package_identification:_identify(build) by extension 'ignore'
[1.090s] Level 1:colcon.colcon_core.package_identification:_identify(build) ignored
[1.090s] Level 1:colcon.colcon_core.package_identification:_identify(install) by extensions ['ignore', 'ignore_ament_install']
[1.090s] Level 1:colcon.colcon_core.package_identification:_identify(install) by extension 'ignore'
[1.090s] Level 1:colcon.colcon_core.package_identification:_identify(install) ignored
[1.091s] Level 1:colcon.colcon_core.package_identification:_identify(log) by extensions ['ignore', 'ignore_ament_install']
[1.091s] Level 1:colcon.colcon_core.package_identification:_identify(log) by extension 'ignore'
[1.091s] Level 1:colcon.colcon_core.package_identification:_identify(log) ignored
[1.091s] Level 1:colcon.colcon_core.package_identification:_identify(src) by extensions ['ignore', 'ignore_ament_install']
[1.091s] Level 1:colcon.colcon_core.package_identification:_identify(src) by extension 'ignore'
[1.091s] Level 1:colcon.colcon_core.package_identification:_identify(src) by extension 'ignore_ament_install'
[1.091s] Level 1:colcon.colcon_core.package_identification:_identify(src) by extensions ['colcon_pkg']
[1.091s] Level 1:colcon.colcon_core.package_identification:_identify(src) by extension 'colcon_pkg'
[1.091s] Level 1:colcon.colcon_core.package_identification:_identify(src) by extensions ['colcon_meta']
[1.091s] Level 1:colcon.colcon_core.package_identification:_identify(src) by extension 'colcon_meta'
[1.091s] Level 1:colcon.colcon_core.package_identification:_identify(src) by extensions ['ros']
[1.091s] Level 1:colcon.colcon_core.package_identification:_identify(src) by extension 'ros'
[1.091s] Level 1:colcon.colcon_core.package_identification:_identify(src) by extensions ['cmake', 'python']
[1.091s] Level 1:colcon.colcon_core.package_identification:_identify(src) by extension 'cmake'
[1.091s] Level 1:colcon.colcon_core.package_identification:_identify(src) by extension 'python'
[1.091s] Level 1:colcon.colcon_core.package_identification:_identify(src) by extensions ['python_setup_py']
[1.091s] Level 1:colcon.colcon_core.package_identification:_identify(src) by extension 'python_setup_py'
[1.091s] Level 1:colcon.colcon_core.package_identification:_identify(src/velodyne_lidar) by extensions ['ignore', 'ignore_ament_install']
[1.092s] Level 1:colcon.colcon_core.package_identification:_identify(src/velodyne_lidar) by extension 'ignore'
[1.092s] Level 1:colcon.colcon_core.package_identification:_identify(src/velodyne_lidar) by extension 'ignore_ament_install'
[1.092s] Level 1:colcon.colcon_core.package_identification:_identify(src/velodyne_lidar) by extensions ['colcon_pkg']
[1.092s] Level 1:colcon.colcon_core.package_identification:_identify(src/velodyne_lidar) by extension 'colcon_pkg'
[1.092s] Level 1:colcon.colcon_core.package_identification:_identify(src/velodyne_lidar) by extensions ['colcon_meta']
[1.092s] Level 1:colcon.colcon_core.package_identification:_identify(src/velodyne_lidar) by extension 'colcon_meta'
[1.092s] Level 1:colcon.colcon_core.package_identification:_identify(src/velodyne_lidar) by extensions ['ros']
[1.092s] Level 1:colcon.colcon_core.package_identification:_identify(src/velodyne_lidar) by extension 'ros'
[1.095s] DEBUG:colcon.colcon_core.package_identification:Package 'src/velodyne_lidar' with type 'ros.ament_python' and name 'velodyne_lidar'
[1.095s] Level 1:colcon.colcon_core.package_identification:_identify(src/velodyne_lidar_bringup) by extensions ['ignore', 'ignore_ament_install']
[1.095s] Level 1:colcon.colcon_core.package_identification:_identify(src/velodyne_lidar_bringup) by extension 'ignore'
[1.095s] Level 1:colcon.colcon_core.package_identification:_identify(src/velodyne_lidar_bringup) by extension 'ignore_ament_install'
[1.095s] Level 1:colcon.colcon_core.package_identification:_identify(src/velodyne_lidar_bringup) by extensions ['colcon_pkg']
[1.095s] Level 1:colcon.colcon_core.package_identification:_identify(src/velodyne_lidar_bringup) by extension 'colcon_pkg'
[1.095s] Level 1:colcon.colcon_core.package_identification:_identify(src/velodyne_lidar_bringup) by extensions ['colcon_meta']
[1.095s] Level 1:colcon.colcon_core.package_identification:_identify(src/velodyne_lidar_bringup) by extension 'colcon_meta'
[1.095s] Level 1:colcon.colcon_core.package_identification:_identify(src/velodyne_lidar_bringup) by extensions ['ros']
[1.096s] Level 1:colcon.colcon_core.package_identification:_identify(src/velodyne_lidar_bringup) by extension 'ros'
[1.096s] DEBUG:colcon.colcon_core.package_identification:Package 'src/velodyne_lidar_bringup' with type 'ros.ament_cmake' and name 'velodyne_lidar_bringup'
[1.096s] Level 1:colcon.colcon_core.package_discovery:discover_packages(recursive) using defaults
[1.096s] Level 1:colcon.colcon_core.package_discovery:discover_packages(ignore) discover
[1.096s] Level 1:colcon.colcon_core.package_discovery:discover_packages(ignore) using defaults
[1.096s] Level 1:colcon.colcon_core.package_discovery:discover_packages(path) discover
[1.096s] Level 1:colcon.colcon_core.package_discovery:discover_packages(path) using defaults
[1.185s] Level 1:colcon.colcon_core.package_discovery:discover_packages(prefix_path) check parameters
[1.185s] Level 1:colcon.colcon_core.package_discovery:discover_packages(prefix_path) discover
[1.218s] DEBUG:colcon.colcon_installed_package_information.package_discovery:Found 6 installed packages in /home/vom/Nano_Vision/install
[1.232s] DEBUG:colcon.colcon_installed_package_information.package_discovery:Found 5 installed packages in /home/vom/ros2_ws/install
[1.246s] DEBUG:colcon.colcon_installed_package_information.package_discovery:Found 2 installed packages in /home/vom/RasPi_LiDAR/install
[1.261s] DEBUG:colcon.colcon_installed_package_information.package_discovery:Found 282 installed packages in /opt/ros/humble
[1.262s] Level 1:colcon.colcon_core.package_discovery:discover_packages(prefix_path) using defaults
[1.349s] Level 5:colcon.colcon_core.verb:set package 'velodyne_lidar' build argument 'cmake_args' from command line to 'None'
[1.349s] Level 5:colcon.colcon_core.verb:set package 'velodyne_lidar' build argument 'cmake_target' from command line to 'None'
[1.349s] Level 5:colcon.colcon_core.verb:set package 'velodyne_lidar' build argument 'cmake_target_skip_unavailable' from command line to 'False'
[1.350s] Level 5:colcon.colcon_core.verb:set package 'velodyne_lidar' build argument 'cmake_clean_cache' from command line to 'False'
[1.350s] Level 5:colcon.colcon_core.verb:set package 'velodyne_lidar' build argument 'cmake_clean_first' from command line to 'False'
[1.350s] Level 5:colcon.colcon_core.verb:set package 'velodyne_lidar' build argument 'cmake_force_configure' from command line to 'False'
[1.350s] Level 5:colcon.colcon_core.verb:set package 'velodyne_lidar' build argument 'ament_cmake_args' from command line to 'None'
[1.350s] Level 5:colcon.colcon_core.verb:set package 'velodyne_lidar' build argument 'catkin_cmake_args' from command line to 'None'
[1.350s] Level 5:colcon.colcon_core.verb:set package 'velodyne_lidar' build argument 'catkin_skip_building_tests' from command line to 'False'
[1.350s] DEBUG:colcon.colcon_core.verb:Building package 'velodyne_lidar' with the following arguments: {'ament_cmake_args': None, 'build_base': '/home/vom/RasPi_LiDAR/build/velodyne_lidar', 'catkin_cmake_args': None, 'catkin_skip_building_tests': False, 'cmake_args': None, 'cmake_clean_cache': False, 'cmake_clean_first': False, 'cmake_force_configure': False, 'cmake_target': None, 'cmake_target_skip_unavailable': False, 'install_base': '/home/vom/RasPi_LiDAR/install/velodyne_lidar', 'merge_install': False, 'path': '/home/vom/RasPi_LiDAR/src/velodyne_lidar', 'symlink_install': True, 'test_result_base': None}
[1.363s] Level 5:colcon.colcon_core.verb:set package 'velodyne_lidar_bringup' build argument 'cmake_args' from command line to 'None'
[1.364s] Level 5:colcon.colcon_core.verb:set package 'velodyne_lidar_bringup' build argument 'cmake_target' from command line to 'None'
[1.364s] Level 5:colcon.colcon_core.verb:set package 'velodyne_lidar_bringup' build argument 'cmake_target_skip_unavailable' from command line to 'False'
[1.364s] Level 5:colcon.colcon_core.verb:set package 'velodyne_lidar_bringup' build argument 'cmake_clean_cache' from command line to 'False'
[1.364s] Level 5:colcon.colcon_core.verb:set package 'velodyne_lidar_bringup' build argument 'cmake_clean_first' from command line to 'False'
[1.364s] Level 5:colcon.colcon_core.verb:set package 'velodyne_lidar_bringup' build argument 'cmake_force_configure' from command line to 'False'
[1.364s] Level 5:colcon.colcon_core.verb:set package 'velodyne_lidar_bringup' build argument 'ament_cmake_args' from command line to 'None'
[1.364s] Level 5:colcon.colcon_core.verb:set package 'velodyne_lidar_bringup' build argument 'catkin_cmake_args' from command line to 'None'
[1.364s] Level 5:colcon.colcon_core.verb:set package 'velodyne_lidar_bringup' build argument 'catkin_skip_building_tests' from command line to 'False'
[1.364s] DEBUG:colcon.colcon_core.verb:Building package 'velodyne_lidar_bringup' with the following arguments: {'ament_cmake_args': None, 'build_base': '/home/vom/RasPi_LiDAR/build/velodyne_lidar_bringup', 'catkin_cmake_args': None, 'catkin_skip_building_tests': False, 'cmake_args': None, 'cmake_clean_cache': False, 'cmake_clean_first': False, 'cmake_force_configure': False, 'cmake_target': None, 'cmake_target_skip_unavailable': False, 'install_base': '/home/vom/RasPi_LiDAR/install/velodyne_lidar_bringup', 'merge_install': False, 'path': '/home/vom/RasPi_LiDAR/src/velodyne_lidar_bringup', 'symlink_install': True, 'test_result_base': None}
[1.378s] INFO:colcon.colcon_core.executor:Executing jobs using 'parallel' executor
[1.392s] DEBUG:colcon.colcon_parallel_executor.executor.parallel:run_until_complete
[1.392s] INFO:colcon.colcon_ros.task.ament_python.build:Building ROS package in '/home/vom/RasPi_LiDAR/src/velodyne_lidar' with build type 'ament_python'
[1.392s] Level 1:colcon.colcon_core.shell:create_environment_hook('velodyne_lidar', 'ament_prefix_path')
[1.414s] INFO:colcon.colcon_core.plugin_system:Skipping extension 'colcon_core.shell.bat': Not used on non-Windows systems
[1.414s] INFO:colcon.colcon_core.shell:Creating environment hook '/home/vom/RasPi_LiDAR/install/velodyne_lidar/share/velodyne_lidar/hook/ament_prefix_path.ps1'
[1.415s] INFO:colcon.colcon_core.shell:Creating environment descriptor '/home/vom/RasPi_LiDAR/install/velodyne_lidar/share/velodyne_lidar/hook/ament_prefix_path.dsv'
[1.416s] INFO:colcon.colcon_core.shell:Creating environment hook '/home/vom/RasPi_LiDAR/install/velodyne_lidar/share/velodyne_lidar/hook/ament_prefix_path.sh'
[1.435s] INFO:colcon.colcon_core.shell:Skip shell extension 'powershell' for command environment: Not usable outside of PowerShell
[1.435s] DEBUG:colcon.colcon_core.shell:Skip shell extension 'dsv' for command environment
[1.521s] INFO:colcon.colcon_ros.task.ament_cmake.build:Building ROS package in '/home/vom/RasPi_LiDAR/src/velodyne_lidar_bringup' with build type 'ament_cmake'
[1.521s] INFO:colcon.colcon_cmake.task.cmake.build:Building CMake package in '/home/vom/RasPi_LiDAR/src/velodyne_lidar_bringup'
[1.537s] INFO:colcon.colcon_core.shell:Skip shell extension 'powershell' for command environment: Not usable outside of PowerShell
[1.538s] DEBUG:colcon.colcon_core.shell:Skip shell extension 'dsv' for command environment
[1.880s] INFO:colcon.colcon_core.task.python.build:Building Python package in '/home/vom/RasPi_LiDAR/src/velodyne_lidar'
[1.894s] INFO:colcon.colcon_core.shell:Skip shell extension 'powershell' for command environment: Not usable outside of PowerShell
[1.894s] DEBUG:colcon.colcon_core.shell:Skip shell extension 'dsv' for command environment
[1.974s] DEBUG:colcon.colcon_core.event_handler.log_command:Invoking command in '/home/vom/RasPi_LiDAR/build/velodyne_lidar_bringup': CMAKE_PREFIX_PATH=${CMAKE_PREFIX_PATH}:/home/vom/ros2_ws/install/velodyne_lidar:/home/vom/ros2_ws/install/rgb_camera:/home/vom/ros2_ws/install/ir_camera:/home/vom/RasPi_LiDAR/install/velodyne_lidar:/home/vom/Nano_Vision/install/rgb_camera:/home/vom/Nano_Vision/install/ir_camera:/opt/ros/humble /usr/bin/cmake /home/vom/RasPi_LiDAR/src/velodyne_lidar_bringup -DAMENT_CMAKE_SYMLINK_INSTALL=1 -DCMAKE_INSTALL_PREFIX=/home/vom/RasPi_LiDAR/install/velodyne_lidar_bringup
[2.273s] DEBUG:colcon.colcon_core.event_handler.log_command:Invoked command in '/home/vom/RasPi_LiDAR/build/velodyne_lidar_bringup' returned '0': CMAKE_PREFIX_PATH=${CMAKE_PREFIX_PATH}:/home/vom/ros2_ws/install/velodyne_lidar:/home/vom/ros2_ws/install/rgb_camera:/home/vom/ros2_ws/install/ir_camera:/home/vom/RasPi_LiDAR/install/velodyne_lidar:/home/vom/Nano_Vision/install/rgb_camera:/home/vom/Nano_Vision/install/ir_camera:/opt/ros/humble /usr/bin/cmake /home/vom/RasPi_LiDAR/src/velodyne_lidar_bringup -DAMENT_CMAKE_SYMLINK_INSTALL=1 -DCMAKE_INSTALL_PREFIX=/home/vom/RasPi_LiDAR/install/velodyne_lidar_bringup
[2.275s] DEBUG:colcon.colcon_core.event_handler.log_command:Invoking command in '/home/vom/RasPi_LiDAR/build/velodyne_lidar_bringup': CMAKE_PREFIX_PATH=${CMAKE_PREFIX_PATH}:/home/vom/ros2_ws/install/velodyne_lidar:/home/vom/ros2_ws/install/rgb_camera:/home/vom/ros2_ws/install/ir_camera:/home/vom/RasPi_LiDAR/install/velodyne_lidar:/home/vom/Nano_Vision/install/rgb_camera:/home/vom/Nano_Vision/install/ir_camera:/opt/ros/humble /usr/bin/cmake --build /home/vom/RasPi_LiDAR/build/velodyne_lidar_bringup -- -j8 -l8
[2.305s] DEBUG:colcon.colcon_core.event_handler.log_command:Invoked command in '/home/vom/RasPi_LiDAR/build/velodyne_lidar_bringup' returned '0': CMAKE_PREFIX_PATH=${CMAKE_PREFIX_PATH}:/home/vom/ros2_ws/install/velodyne_lidar:/home/vom/ros2_ws/install/rgb_camera:/home/vom/ros2_ws/install/ir_camera:/home/vom/RasPi_LiDAR/install/velodyne_lidar:/home/vom/Nano_Vision/install/rgb_camera:/home/vom/Nano_Vision/install/ir_camera:/opt/ros/humble /usr/bin/cmake --build /home/vom/RasPi_LiDAR/build/velodyne_lidar_bringup -- -j8 -l8
[2.328s] DEBUG:colcon.colcon_core.event_handler.log_command:Invoking command in '/home/vom/RasPi_LiDAR/build/velodyne_lidar_bringup': CMAKE_PREFIX_PATH=${CMAKE_PREFIX_PATH}:/home/vom/ros2_ws/install/velodyne_lidar:/home/vom/ros2_ws/install/rgb_camera:/home/vom/ros2_ws/install/ir_camera:/home/vom/RasPi_LiDAR/install/velodyne_lidar:/home/vom/Nano_Vision/install/rgb_camera:/home/vom/Nano_Vision/install/ir_camera:/opt/ros/humble /usr/bin/cmake --install /home/vom/RasPi_LiDAR/build/velodyne_lidar_bringup
[2.347s] Level 1:colcon.colcon_core.environment:create_environment_scripts_only(velodyne_lidar_bringup)
[2.347s] DEBUG:colcon.colcon_core.event_handler.log_command:Invoked command in '/home/vom/RasPi_LiDAR/build/velodyne_lidar_bringup' returned '0': CMAKE_PREFIX_PATH=${CMAKE_PREFIX_PATH}:/home/vom/ros2_ws/install/velodyne_lidar:/home/vom/ros2_ws/install/rgb_camera:/home/vom/ros2_ws/install/ir_camera:/home/vom/RasPi_LiDAR/install/velodyne_lidar:/home/vom/Nano_Vision/install/rgb_camera:/home/vom/Nano_Vision/install/ir_camera:/opt/ros/humble /usr/bin/cmake --install /home/vom/RasPi_LiDAR/build/velodyne_lidar_bringup
[2.370s] Level 1:colcon.colcon_core.environment:checking '/home/vom/RasPi_LiDAR/install/velodyne_lidar_bringup' for CMake module files
[2.370s] Level 1:colcon.colcon_core.environment:checking '/home/vom/RasPi_LiDAR/install/velodyne_lidar_bringup' for CMake config files
[2.370s] Level 1:colcon.colcon_core.shell:create_environment_hook('velodyne_lidar_bringup', 'cmake_prefix_path')
[2.389s] INFO:colcon.colcon_core.shell:Creating environment hook '/home/vom/RasPi_LiDAR/install/velodyne_lidar_bringup/share/velodyne_lidar_bringup/hook/cmake_prefix_path.ps1'
[2.389s] INFO:colcon.colcon_core.shell:Creating environment descriptor '/home/vom/RasPi_LiDAR/install/velodyne_lidar_bringup/share/velodyne_lidar_bringup/hook/cmake_prefix_path.dsv'
[2.390s] INFO:colcon.colcon_core.shell:Creating environment hook '/home/vom/RasPi_LiDAR/install/velodyne_lidar_bringup/share/velodyne_lidar_bringup/hook/cmake_prefix_path.sh'
[2.390s] Level 1:colcon.colcon_core.environment:checking '/home/vom/RasPi_LiDAR/install/velodyne_lidar_bringup/bin'
[2.390s] Level 1:colcon.colcon_core.environment:checking '/home/vom/RasPi_LiDAR/install/velodyne_lidar_bringup/lib/pkgconfig/velodyne_lidar_bringup.pc'
[2.391s] Level 1:colcon.colcon_core.environment:checking '/home/vom/RasPi_LiDAR/install/velodyne_lidar_bringup/lib/python3.10/site-packages'
[2.391s] Level 1:colcon.colcon_core.environment:checking '/home/vom/RasPi_LiDAR/install/velodyne_lidar_bringup/bin'
[2.405s] INFO:colcon.colcon_core.shell:Creating package script '/home/vom/RasPi_LiDAR/install/velodyne_lidar_bringup/share/velodyne_lidar_bringup/package.ps1'
[2.407s] INFO:colcon.colcon_core.shell:Creating package descriptor '/home/vom/RasPi_LiDAR/install/velodyne_lidar_bringup/share/velodyne_lidar_bringup/package.dsv'
[2.409s] INFO:colcon.colcon_core.shell:Creating package script '/home/vom/RasPi_LiDAR/install/velodyne_lidar_bringup/share/velodyne_lidar_bringup/package.sh'
[2.410s] INFO:colcon.colcon_core.shell:Creating package script '/home/vom/RasPi_LiDAR/install/velodyne_lidar_bringup/share/velodyne_lidar_bringup/package.bash'
[2.411s] INFO:colcon.colcon_core.shell:Creating package script '/home/vom/RasPi_LiDAR/install/velodyne_lidar_bringup/share/velodyne_lidar_bringup/package.zsh'
[2.412s] Level 1:colcon.colcon_core.environment:create_file_with_runtime_dependencies(/home/vom/RasPi_LiDAR/install/velodyne_lidar_bringup/share/colcon-core/packages/velodyne_lidar_bringup)
[2.445s] Level 1:colcon.colcon_core.environment:create_environment_scripts_only(velodyne_lidar_bringup)
[2.462s] Level 1:colcon.colcon_core.environment:checking '/home/vom/RasPi_LiDAR/install/velodyne_lidar_bringup' for CMake module files
[2.462s] Level 1:colcon.colcon_core.environment:checking '/home/vom/RasPi_LiDAR/install/velodyne_lidar_bringup' for CMake config files
[2.463s] Level 1:colcon.colcon_core.shell:create_environment_hook('velodyne_lidar_bringup', 'cmake_prefix_path')
[2.482s] INFO:colcon.colcon_core.shell:Creating environment hook '/home/vom/RasPi_LiDAR/install/velodyne_lidar_bringup/share/velodyne_lidar_bringup/hook/cmake_prefix_path.ps1'
[2.482s] INFO:colcon.colcon_core.shell:Creating environment descriptor '/home/vom/RasPi_LiDAR/install/velodyne_lidar_bringup/share/velodyne_lidar_bringup/hook/cmake_prefix_path.dsv'
[2.483s] INFO:colcon.colcon_core.shell:Creating environment hook '/home/vom/RasPi_LiDAR/install/velodyne_lidar_bringup/share/velodyne_lidar_bringup/hook/cmake_prefix_path.sh'
[2.484s] Level 1:colcon.colcon_core.environment:checking '/home/vom/RasPi_LiDAR/install/velodyne_lidar_bringup/bin'
[2.484s] Level 1:colcon.colcon_core.environment:checking '/home/vom/RasPi_LiDAR/install/velodyne_lidar_bringup/lib/pkgconfig/velodyne_lidar_bringup.pc'
[2.485s] Level 1:colcon.colcon_core.environment:checking '/home/vom/RasPi_LiDAR/install/velodyne_lidar_bringup/lib/python3.10/site-packages'
[2.485s] Level 1:colcon.colcon_core.environment:checking '/home/vom/RasPi_LiDAR/install/velodyne_lidar_bringup/bin'
[2.499s] INFO:colcon.colcon_core.shell:Creating package script '/home/vom/RasPi_LiDAR/install/velodyne_lidar_bringup/share/velodyne_lidar_bringup/package.ps1'
[2.500s] INFO:colcon.colcon_core.shell:Creating package descriptor '/home/vom/RasPi_LiDAR/install/velodyne_lidar_bringup/share/velodyne_lidar_bringup/package.dsv'
[2.500s] INFO:colcon.colcon_core.shell:Creating package script '/home/vom/RasPi_LiDAR/install/velodyne_lidar_bringup/share/velodyne_lidar_bringup/package.sh'
[2.501s] INFO:colcon.colcon_core.shell:Creating package script '/home/vom/RasPi_LiDAR/install/velodyne_lidar_bringup/share/velodyne_lidar_bringup/package.bash'
[2.501s] INFO:colcon.colcon_core.shell:Creating package script '/home/vom/RasPi_LiDAR/install/velodyne_lidar_bringup/share/velodyne_lidar_bringup/package.zsh'
[2.502s] Level 1:colcon.colcon_core.environment:create_file_with_runtime_dependencies(/home/vom/RasPi_LiDAR/install/velodyne_lidar_bringup/share/colcon-core/packages/velodyne_lidar_bringup)
[2.506s] DEBUG:colcon.colcon_core.task.python.build:While undoing a previous installation files outside the Python library path are being ignored: /home/vom/RasPi_LiDAR/install/velodyne_lidar/share/ament_index/resource_index/packages/velodyne_lidar
[2.506s] DEBUG:colcon.colcon_core.task.python.build:While undoing a previous installation files outside the Python library path are being ignored: /home/vom/RasPi_LiDAR/install/velodyne_lidar/share/velodyne_lidar/package.xml
[2.507s] DEBUG:colcon.colcon_core.task.python.build:While undoing a previous installation files outside the Python library path are being ignored: /home/vom/RasPi_LiDAR/install/velodyne_lidar/lib/velodyne_lidar/lidar_read
[2.510s] DEBUG:colcon.colcon_core.event_handler.log_command:Invoking command in '/home/vom/RasPi_LiDAR/build/velodyne_lidar': PYTHONPATH=/home/vom/RasPi_LiDAR/build/velodyne_lidar/prefix_override:/home/vom/RasPi_LiDAR/install/velodyne_lidar/lib/python3.10/site-packages:${PYTHONPATH} /usr/bin/python3 setup.py develop --editable --build-directory /home/vom/RasPi_LiDAR/build/velodyne_lidar/build --no-deps install_data
[2.992s] Level 1:colcon.colcon_core.shell:create_environment_hook('velodyne_lidar', 'pythonpath_develop')
[2.993s] DEBUG:colcon.colcon_core.event_handler.log_command:Invoked command in '/home/vom/RasPi_LiDAR/build/velodyne_lidar' returned '0': PYTHONPATH=/home/vom/RasPi_LiDAR/build/velodyne_lidar/prefix_override:/home/vom/RasPi_LiDAR/install/velodyne_lidar/lib/python3.10/site-packages:${PYTHONPATH} /usr/bin/python3 setup.py develop --editable --build-directory /home/vom/RasPi_LiDAR/build/velodyne_lidar/build --no-deps install_data
[3.008s] INFO:colcon.colcon_core.shell:Creating environment hook '/home/vom/RasPi_LiDAR/build/velodyne_lidar/share/velodyne_lidar/hook/pythonpath_develop.ps1'
[3.009s] INFO:colcon.colcon_core.shell:Creating environment descriptor '/home/vom/RasPi_LiDAR/build/velodyne_lidar/share/velodyne_lidar/hook/pythonpath_develop.dsv'
[3.009s] INFO:colcon.colcon_core.shell:Creating environment hook '/home/vom/RasPi_LiDAR/build/velodyne_lidar/share/velodyne_lidar/hook/pythonpath_develop.sh'
[3.024s] Level 1:colcon.colcon_core.environment:checking '/home/vom/RasPi_LiDAR/install/velodyne_lidar' for CMake module files
[3.025s] Level 1:colcon.colcon_core.environment:checking '/home/vom/RasPi_LiDAR/install/velodyne_lidar' for CMake config files
[3.025s] Level 1:colcon.colcon_core.environment:checking '/home/vom/RasPi_LiDAR/install/velodyne_lidar/lib'
[3.025s] Level 1:colcon.colcon_core.environment:checking '/home/vom/RasPi_LiDAR/install/velodyne_lidar/bin'
[3.025s] Level 1:colcon.colcon_core.environment:checking '/home/vom/RasPi_LiDAR/install/velodyne_lidar/lib/pkgconfig/velodyne_lidar.pc'
[3.026s] Level 1:colcon.colcon_core.environment:checking '/home/vom/RasPi_LiDAR/install/velodyne_lidar/lib/python3.10/site-packages'
[3.026s] Level 1:colcon.colcon_core.shell:create_environment_hook('velodyne_lidar', 'pythonpath')
[3.040s] INFO:colcon.colcon_core.shell:Creating environment hook '/home/vom/RasPi_LiDAR/install/velodyne_lidar/share/velodyne_lidar/hook/pythonpath.ps1'
[3.040s] INFO:colcon.colcon_core.shell:Creating environment descriptor '/home/vom/RasPi_LiDAR/install/velodyne_lidar/share/velodyne_lidar/hook/pythonpath.dsv'
[3.040s] INFO:colcon.colcon_core.shell:Creating environment hook '/home/vom/RasPi_LiDAR/install/velodyne_lidar/share/velodyne_lidar/hook/pythonpath.sh'
[3.041s] Level 1:colcon.colcon_core.environment:checking '/home/vom/RasPi_LiDAR/install/velodyne_lidar/bin'
[3.041s] Level 1:colcon.colcon_core.environment:create_environment_scripts_only(velodyne_lidar)
[3.057s] INFO:colcon.colcon_core.shell:Creating package script '/home/vom/RasPi_LiDAR/install/velodyne_lidar/share/velodyne_lidar/package.ps1'
[3.058s] INFO:colcon.colcon_core.shell:Creating package descriptor '/home/vom/RasPi_LiDAR/install/velodyne_lidar/share/velodyne_lidar/package.dsv'
[3.058s] INFO:colcon.colcon_core.shell:Creating package script '/home/vom/RasPi_LiDAR/install/velodyne_lidar/share/velodyne_lidar/package.sh'
[3.058s] INFO:colcon.colcon_core.shell:Creating package script '/home/vom/RasPi_LiDAR/install/velodyne_lidar/share/velodyne_lidar/package.bash'
[3.059s] INFO:colcon.colcon_core.shell:Creating package script '/home/vom/RasPi_LiDAR/install/velodyne_lidar/share/velodyne_lidar/package.zsh'
[3.059s] Level 1:colcon.colcon_core.environment:create_file_with_runtime_dependencies(/home/vom/RasPi_LiDAR/install/velodyne_lidar/share/colcon-core/packages/velodyne_lidar)
[3.059s] DEBUG:colcon.colcon_parallel_executor.executor.parallel:closing loop
[3.059s] DEBUG:colcon.colcon_parallel_executor.executor.parallel:loop closed
[3.060s] DEBUG:colcon.colcon_parallel_executor.executor.parallel:run_until_complete finished with '0'
[3.060s] DEBUG:colcon.colcon_core.event_reactor:joining thread
[3.083s] INFO:colcon.colcon_core.plugin_system:Skipping extension 'colcon_notification.desktop_notification.terminal_notifier': Not used on non-Darwin systems
[3.084s] INFO:colcon.colcon_core.plugin_system:Skipping extension 'colcon_notification.desktop_notification.win32': Not used on non-Windows systems
[3.084s] INFO:colcon.colcon_notification.desktop_notification:Sending desktop notification using 'notify2'
[3.099s] DEBUG:colcon.colcon_core.event_reactor:joined thread
[3.113s] INFO:colcon.colcon_core.shell:Creating prefix script '/home/vom/RasPi_LiDAR/install/local_setup.ps1'
[3.115s] INFO:colcon.colcon_core.shell:Creating prefix util module '/home/vom/RasPi_LiDAR/install/_local_setup_util_ps1.py'
[3.116s] INFO:colcon.colcon_core.shell:Creating prefix chain script '/home/vom/RasPi_LiDAR/install/setup.ps1'
[3.136s] INFO:colcon.colcon_core.shell:Creating prefix script '/home/vom/RasPi_LiDAR/install/local_setup.sh'
[3.138s] INFO:colcon.colcon_core.shell:Creating prefix util module '/home/vom/RasPi_LiDAR/install/_local_setup_util_sh.py'
[3.139s] INFO:colcon.colcon_core.shell:Creating prefix chain script '/home/vom/RasPi_LiDAR/install/setup.sh'
[3.157s] INFO:colcon.colcon_core.shell:Creating prefix script '/home/vom/RasPi_LiDAR/install/local_setup.bash'
[3.158s] INFO:colcon.colcon_core.shell:Creating prefix chain script '/home/vom/RasPi_LiDAR/install/setup.bash'
[3.175s] INFO:colcon.colcon_core.shell:Creating prefix script '/home/vom/RasPi_LiDAR/install/local_setup.zsh'
[3.176s] INFO:colcon.colcon_core.shell:Creating prefix chain script '/home/vom/RasPi_LiDAR/install/setup.zsh'
