running develop
Removing /home/vom/RasPi_LiDAR/install/velodyne_lidar/lib/python3.10/site-packages/velodyne-lidar.egg-link (link to .)
running egg_info
writing ../../build/velodyne_lidar/velodyne_lidar.egg-info/PKG-INFO
writing dependency_links to ../../build/velodyne_lidar/velodyne_lidar.egg-info/dependency_links.txt
writing entry points to ../../build/velodyne_lidar/velodyne_lidar.egg-info/entry_points.txt
writing requirements to ../../build/velodyne_lidar/velodyne_lidar.egg-info/requires.txt
writing top-level names to ../../build/velodyne_lidar/velodyne_lidar.egg-info/top_level.txt
reading manifest file '../../build/velodyne_lidar/velodyne_lidar.egg-info/SOURCES.txt'
writing manifest file '../../build/velodyne_lidar/velodyne_lidar.egg-info/SOURCES.txt'
running build
running build_py
creating /home/vom/RasPi_LiDAR/build/velodyne_lidar/build
creating /home/vom/RasPi_LiDAR/build/velodyne_lidar/build/lib
creating /home/vom/RasPi_LiDAR/build/velodyne_lidar/build/lib/velodyne_lidar
copying velodyne_lidar/lidar_sub.py -> /home/vom/RasPi_LiDAR/build/velodyne_lidar/build/lib/velodyne_lidar
copying velodyne_lidar/__init__.py -> /home/vom/RasPi_LiDAR/build/velodyne_lidar/build/lib/velodyne_lidar
copying velodyne_lidar/velodyne_pc2_to_array.py -> /home/vom/RasPi_LiDAR/build/velodyne_lidar/build/lib/velodyne_lidar
copying velodyne_lidar/laserscan_pc2_to_array.py -> /home/vom/RasPi_LiDAR/build/velodyne_lidar/build/lib/velodyne_lidar
copying velodyne_lidar/lasers_to_single_laserscan.py -> /home/vom/RasPi_LiDAR/build/velodyne_lidar/build/lib/velodyne_lidar
copying velodyne_lidar/xyz_to_range_data.py -> /home/vom/RasPi_LiDAR/build/velodyne_lidar/build/lib/velodyne_lidar
running install
running install_lib
creating /home/vom/RasPi_LiDAR/install/velodyne_lidar/lib/python3.10/site-packages/velodyne_lidar
copying /home/vom/RasPi_LiDAR/build/velodyne_lidar/build/lib/velodyne_lidar/lidar_sub.py -> /home/vom/RasPi_LiDAR/install/velodyne_lidar/lib/python3.10/site-packages/velodyne_lidar
copying /home/vom/RasPi_LiDAR/build/velodyne_lidar/build/lib/velodyne_lidar/__init__.py -> /home/vom/RasPi_LiDAR/install/velodyne_lidar/lib/python3.10/site-packages/velodyne_lidar
copying /home/vom/RasPi_LiDAR/build/velodyne_lidar/build/lib/velodyne_lidar/velodyne_pc2_to_array.py -> /home/vom/RasPi_LiDAR/install/velodyne_lidar/lib/python3.10/site-packages/velodyne_lidar
copying /home/vom/RasPi_LiDAR/build/velodyne_lidar/build/lib/velodyne_lidar/laserscan_pc2_to_array.py -> /home/vom/RasPi_LiDAR/install/velodyne_lidar/lib/python3.10/site-packages/velodyne_lidar
copying /home/vom/RasPi_LiDAR/build/velodyne_lidar/build/lib/velodyne_lidar/lasers_to_single_laserscan.py -> /home/vom/RasPi_LiDAR/install/velodyne_lidar/lib/python3.10/site-packages/velodyne_lidar
copying /home/vom/RasPi_LiDAR/build/velodyne_lidar/build/lib/velodyne_lidar/xyz_to_range_data.py -> /home/vom/RasPi_LiDAR/install/velodyne_lidar/lib/python3.10/site-packages/velodyne_lidar
byte-compiling /home/vom/RasPi_LiDAR/install/velodyne_lidar/lib/python3.10/site-packages/velodyne_lidar/lidar_sub.py to lidar_sub.cpython-310.pyc
byte-compiling /home/vom/RasPi_LiDAR/install/velodyne_lidar/lib/python3.10/site-packages/velodyne_lidar/__init__.py to __init__.cpython-310.pyc
byte-compiling /home/vom/RasPi_LiDAR/install/velodyne_lidar/lib/python3.10/site-packages/velodyne_lidar/velodyne_pc2_to_array.py to velodyne_pc2_to_array.cpython-310.pyc
byte-compiling /home/vom/RasPi_LiDAR/install/velodyne_lidar/lib/python3.10/site-packages/velodyne_lidar/laserscan_pc2_to_array.py to laserscan_pc2_to_array.cpython-310.pyc
byte-compiling /home/vom/RasPi_LiDAR/install/velodyne_lidar/lib/python3.10/site-packages/velodyne_lidar/lasers_to_single_laserscan.py to lasers_to_single_laserscan.cpython-310.pyc
byte-compiling /home/vom/RasPi_LiDAR/install/velodyne_lidar/lib/python3.10/site-packages/velodyne_lidar/xyz_to_range_data.py to xyz_to_range_data.cpython-310.pyc
running install_data
running install_egg_info
Copying ../../build/velodyne_lidar/velodyne_lidar.egg-info to /home/vom/RasPi_LiDAR/install/velodyne_lidar/lib/python3.10/site-packages/velodyne_lidar-0.0.0-py3.10.egg-info
running install_scripts
Installing lidar_read script to /home/vom/RasPi_LiDAR/install/velodyne_lidar/lib/velodyne_lidar
writing list of installed files to '/home/vom/RasPi_LiDAR/build/velodyne_lidar/install.log'
