[0.325s] Invoking command in '/home/vom/RasPi_LiDAR/build/velodyne_lidar_bringup': CMAKE_PREFIX_PATH=/opt/ros/humble /usr/bin/cmake /home/vom/RasPi_LiDAR/src/velodyne_lidar_bringup -DAMENT_CMAKE_SYMLINK_INSTALL=1 -DCMAKE_INSTALL_PREFIX=/home/vom/RasPi_LiDAR/install/velodyne_lidar_bringup
[0.372s] -- The C compiler identification is GNU 11.4.0
[0.417s] -- The CXX compiler identification is GNU 11.4.0
[0.423s] -- Detecting C compiler ABI info
[0.486s] -- Detecting C compiler ABI info - done
[0.486s] -- Check for working C compiler: /usr/bin/cc - skipped
[0.487s] -- Detecting C compile features
[0.488s] -- Detecting C compile features - done
[0.492s] -- Detecting CXX compiler ABI info
[0.574s] -- Detecting CXX compiler ABI info - done
[0.574s] -- Check for working CXX compiler: /usr/bin/c++ - skipped
[0.574s] -- Detecting CXX compile features
[0.575s] -- Detecting CXX compile features - done
[0.575s] -- Found ament_cmake: 1.3.5 (/opt/ros/humble/share/ament_cmake/cmake)
[0.715s] -- Found Python3: /usr/bin/python3.10 (found version "3.10.12") found components: Interpreter 
[0.769s] -- Override CMake install command with custom implementation using symlinks instead of copying resources
[0.839s] -- Configuring done
[0.841s] -- Generating done
[0.842s] -- Build files have been written to: /home/vom/RasPi_LiDAR/build/velodyne_lidar_bringup
[0.847s] Invoked command in '/home/vom/RasPi_LiDAR/build/velodyne_lidar_bringup' returned '0': CMAKE_PREFIX_PATH=/opt/ros/humble /usr/bin/cmake /home/vom/RasPi_LiDAR/src/velodyne_lidar_bringup -DAMENT_CMAKE_SYMLINK_INSTALL=1 -DCMAKE_INSTALL_PREFIX=/home/vom/RasPi_LiDAR/install/velodyne_lidar_bringup
[0.847s] Invoking command in '/home/vom/RasPi_LiDAR/build/velodyne_lidar_bringup': CMAKE_PREFIX_PATH=/opt/ros/humble /usr/bin/cmake --build /home/vom/RasPi_LiDAR/build/velodyne_lidar_bringup -- -j8 -l8
[0.880s] Invoked command in '/home/vom/RasPi_LiDAR/build/velodyne_lidar_bringup' returned '0': CMAKE_PREFIX_PATH=/opt/ros/humble /usr/bin/cmake --build /home/vom/RasPi_LiDAR/build/velodyne_lidar_bringup -- -j8 -l8
[0.904s] Invoking command in '/home/vom/RasPi_LiDAR/build/velodyne_lidar_bringup': CMAKE_PREFIX_PATH=/opt/ros/humble /usr/bin/cmake --install /home/vom/RasPi_LiDAR/build/velodyne_lidar_bringup
[0.910s] -- Install configuration: ""
[0.910s] -- Execute custom install script
[0.912s] -- Symlinking: /home/vom/RasPi_LiDAR/install/velodyne_lidar_bringup/share/velodyne_lidar_bringup/launch/lidar.launch.py
[0.919s] -- Symlinking: /home/vom/RasPi_LiDAR/install/velodyne_lidar_bringup/share/ament_index/resource_index/package_run_dependencies/velodyne_lidar_bringup
[0.925s] -- Symlinking: /home/vom/RasPi_LiDAR/install/velodyne_lidar_bringup/share/ament_index/resource_index/parent_prefix_path/velodyne_lidar_bringup
[0.932s] -- Symlinking: /home/vom/RasPi_LiDAR/install/velodyne_lidar_bringup/share/velodyne_lidar_bringup/environment/ament_prefix_path.sh
[0.939s] -- Symlinking: /home/vom/RasPi_LiDAR/install/velodyne_lidar_bringup/share/velodyne_lidar_bringup/environment/ament_prefix_path.dsv
[0.946s] -- Symlinking: /home/vom/RasPi_LiDAR/install/velodyne_lidar_bringup/share/velodyne_lidar_bringup/environment/path.sh
[0.952s] -- Symlinking: /home/vom/RasPi_LiDAR/install/velodyne_lidar_bringup/share/velodyne_lidar_bringup/environment/path.dsv
[0.959s] -- Symlinking: /home/vom/RasPi_LiDAR/install/velodyne_lidar_bringup/share/velodyne_lidar_bringup/local_setup.bash
[0.968s] -- Symlinking: /home/vom/RasPi_LiDAR/install/velodyne_lidar_bringup/share/velodyne_lidar_bringup/local_setup.sh
[0.975s] -- Symlinking: /home/vom/RasPi_LiDAR/install/velodyne_lidar_bringup/share/velodyne_lidar_bringup/local_setup.zsh
[0.982s] -- Symlinking: /home/vom/RasPi_LiDAR/install/velodyne_lidar_bringup/share/velodyne_lidar_bringup/local_setup.dsv
[0.988s] -- Symlinking: /home/vom/RasPi_LiDAR/install/velodyne_lidar_bringup/share/velodyne_lidar_bringup/package.dsv
[0.996s] -- Symlinking: /home/vom/RasPi_LiDAR/install/velodyne_lidar_bringup/share/ament_index/resource_index/packages/velodyne_lidar_bringup
[1.004s] -- Symlinking: /home/vom/RasPi_LiDAR/install/velodyne_lidar_bringup/share/velodyne_lidar_bringup/cmake/velodyne_lidar_bringupConfig.cmake
[1.010s] -- Symlinking: /home/vom/RasPi_LiDAR/install/velodyne_lidar_bringup/share/velodyne_lidar_bringup/cmake/velodyne_lidar_bringupConfig-version.cmake
[1.016s] -- Symlinking: /home/vom/RasPi_LiDAR/install/velodyne_lidar_bringup/share/velodyne_lidar_bringup/package.xml
[1.024s] Invoked command in '/home/vom/RasPi_LiDAR/build/velodyne_lidar_bringup' returned '0': CMAKE_PREFIX_PATH=/opt/ros/humble /usr/bin/cmake --install /home/vom/RasPi_LiDAR/build/velodyne_lidar_bringup
