[0.697s] Invoking command in '/home/vom/ros2_ws/build/velodyne_lidar': PYTHONPATH=/home/vom/ros2_ws/build/velodyne_lidar/prefix_override:/home/vom/ros2_ws/install/velodyne_lidar/lib/python3.10/site-packages:${PYTHONPATH} /usr/bin/python3 setup.py develop --editable --build-directory /home/vom/ros2_ws/build/velodyne_lidar/build --no-deps install_data
[0.943s] running develop
[1.097s] running egg_info
[1.097s] creating velodyne_lidar.egg-info
[1.097s] writing velodyne_lidar.egg-info/PKG-INFO
[1.098s] writing dependency_links to velodyne_lidar.egg-info/dependency_links.txt
[1.098s] writing entry points to velodyne_lidar.egg-info/entry_points.txt
[1.098s] writing requirements to velodyne_lidar.egg-info/requires.txt
[1.098s] writing top-level names to velodyne_lidar.egg-info/top_level.txt
[1.098s] writing manifest file 'velodyne_lidar.egg-info/SOURCES.txt'
[1.099s] reading manifest file 'velodyne_lidar.egg-info/SOURCES.txt'
[1.100s] writing manifest file 'velodyne_lidar.egg-info/SOURCES.txt'
[1.101s] running build_ext
[1.101s] Creating /home/vom/ros2_ws/install/velodyne_lidar/lib/python3.10/site-packages/velodyne-lidar.egg-link (link to .)
[1.102s] 
[1.102s] Installed /home/vom/ros2_ws/build/velodyne_lidar
[1.102s] running install_data
[1.102s] creating /home/vom/ros2_ws/install/velodyne_lidar/share/ament_index
[1.102s] creating /home/vom/ros2_ws/install/velodyne_lidar/share/ament_index/resource_index
[1.102s] creating /home/vom/ros2_ws/install/velodyne_lidar/share/ament_index/resource_index/packages
[1.102s] copying resource/velodyne_lidar -> /home/vom/ros2_ws/install/velodyne_lidar/share/ament_index/resource_index/packages
[1.102s] copying package.xml -> /home/vom/ros2_ws/install/velodyne_lidar/share/velodyne_lidar
[1.128s] Invoked command in '/home/vom/ros2_ws/build/velodyne_lidar' returned '0': PYTHONPATH=/home/vom/ros2_ws/build/velodyne_lidar/prefix_override:/home/vom/ros2_ws/install/velodyne_lidar/lib/python3.10/site-packages:${PYTHONPATH} /usr/bin/python3 setup.py develop --editable --build-directory /home/vom/ros2_ws/build/velodyne_lidar/build --no-deps install_data
