[0.886s] DEBUG:colcon:Command line arguments: ['/usr/bin/colcon', 'build', '--symlink-install']
[0.886s] DEBUG:colcon:Parsed command line arguments: Namespace(log_base=None, log_level=None, verb_name='build', build_base='build', install_base='install', merge_install=False, symlink_install=True, test_result_base=None, continue_on_error=False, executor='parallel', parallel_workers=8, event_handlers=None, ignore_user_meta=False, metas=['./colcon.meta'], base_paths=['.'], packages_ignore=None, packages_ignore_regex=None, paths=None, packages_up_to=None, packages_up_to_regex=None, packages_above=None, packages_above_and_dependencies=None, packages_above_depth=None, packages_select_by_dep=None, packages_skip_by_dep=None, packages_skip_up_to=None, packages_select_build_failed=False, packages_skip_build_finished=False, packages_select_test_failures=False, packages_skip_test_passed=False, packages_select=None, packages_skip=None, packages_select_regex=None, packages_skip_regex=None, packages_start=None, packages_end=None, allow_overriding=[], cmake_args=None, cmake_target=None, cmake_target_skip_unavailable=False, cmake_clean_cache=False, cmake_clean_first=False, cmake_force_configure=False, ament_cmake_args=None, catkin_cmake_args=None, catkin_skip_building_tests=False, verb_parser=<colcon_defaults.argument_parser.defaults.DefaultArgumentsDecorator object at 0x7fdddc0a0670>, verb_extension=<colcon_core.verb.build.BuildVerb object at 0x7fdddc0a0f70>, main=<bound method BuildVerb.main of <colcon_core.verb.build.BuildVerb object at 0x7fdddc0a0f70>>)
[0.926s] Level 1:colcon.colcon_core.package_discovery:discover_packages(colcon_meta) check parameters
[0.926s] Level 1:colcon.colcon_core.package_discovery:discover_packages(recursive) check parameters
[0.926s] Level 1:colcon.colcon_core.package_discovery:discover_packages(ignore) check parameters
[0.926s] Level 1:colcon.colcon_core.package_discovery:discover_packages(path) check parameters
[0.926s] Level 1:colcon.colcon_core.package_discovery:discover_packages(colcon_meta) discover
[0.926s] Level 1:colcon.colcon_core.package_discovery:discover_packages(recursive) discover
[0.926s] INFO:colcon.colcon_core.package_discovery:Crawling recursively for packages in '/home/vom/ros2_ws/RasPi_LiDAR'
[0.926s] Level 1:colcon.colcon_core.package_identification:_identify(.) by extensions ['ignore', 'ignore_ament_install']
[0.926s] Level 1:colcon.colcon_core.package_identification:_identify(.) by extension 'ignore'
[0.926s] Level 1:colcon.colcon_core.package_identification:_identify(.) by extension 'ignore_ament_install'
[0.926s] Level 1:colcon.colcon_core.package_identification:_identify(.) by extensions ['colcon_pkg']
[0.926s] Level 1:colcon.colcon_core.package_identification:_identify(.) by extension 'colcon_pkg'
[0.926s] Level 1:colcon.colcon_core.package_identification:_identify(.) by extensions ['colcon_meta']
[0.926s] Level 1:colcon.colcon_core.package_identification:_identify(.) by extension 'colcon_meta'
[0.926s] Level 1:colcon.colcon_core.package_identification:_identify(.) by extensions ['ros']
[0.926s] Level 1:colcon.colcon_core.package_identification:_identify(.) by extension 'ros'
[0.935s] Level 1:colcon.colcon_core.package_identification:_identify(.) by extensions ['cmake', 'python']
[0.935s] Level 1:colcon.colcon_core.package_identification:_identify(.) by extension 'cmake'
[0.935s] Level 1:colcon.colcon_core.package_identification:_identify(.) by extension 'python'
[0.935s] Level 1:colcon.colcon_core.package_identification:_identify(.) by extensions ['python_setup_py']
[0.935s] Level 1:colcon.colcon_core.package_identification:_identify(.) by extension 'python_setup_py'
[0.936s] Level 1:colcon.colcon_core.package_identification:_identify(build) by extensions ['ignore', 'ignore_ament_install']
[0.936s] Level 1:colcon.colcon_core.package_identification:_identify(build) by extension 'ignore'
[0.936s] Level 1:colcon.colcon_core.package_identification:_identify(build) ignored
[0.936s] Level 1:colcon.colcon_core.package_identification:_identify(install) by extensions ['ignore', 'ignore_ament_install']
[0.936s] Level 1:colcon.colcon_core.package_identification:_identify(install) by extension 'ignore'
[0.936s] Level 1:colcon.colcon_core.package_identification:_identify(install) ignored
[0.936s] Level 1:colcon.colcon_core.package_identification:_identify(log) by extensions ['ignore', 'ignore_ament_install']
[0.936s] Level 1:colcon.colcon_core.package_identification:_identify(log) by extension 'ignore'
[0.936s] Level 1:colcon.colcon_core.package_identification:_identify(log) ignored
[0.936s] Level 1:colcon.colcon_core.package_identification:_identify(src) by extensions ['ignore', 'ignore_ament_install']
[0.936s] Level 1:colcon.colcon_core.package_identification:_identify(src) by extension 'ignore'
[0.936s] Level 1:colcon.colcon_core.package_identification:_identify(src) by extension 'ignore_ament_install'
[0.936s] Level 1:colcon.colcon_core.package_identification:_identify(src) by extensions ['colcon_pkg']
[0.936s] Level 1:colcon.colcon_core.package_identification:_identify(src) by extension 'colcon_pkg'
[0.936s] Level 1:colcon.colcon_core.package_identification:_identify(src) by extensions ['colcon_meta']
[0.936s] Level 1:colcon.colcon_core.package_identification:_identify(src) by extension 'colcon_meta'
[0.936s] Level 1:colcon.colcon_core.package_identification:_identify(src) by extensions ['ros']
[0.936s] Level 1:colcon.colcon_core.package_identification:_identify(src) by extension 'ros'
[0.936s] Level 1:colcon.colcon_core.package_identification:_identify(src) by extensions ['cmake', 'python']
[0.937s] Level 1:colcon.colcon_core.package_identification:_identify(src) by extension 'cmake'
[0.937s] Level 1:colcon.colcon_core.package_identification:_identify(src) by extension 'python'
[0.937s] Level 1:colcon.colcon_core.package_identification:_identify(src) by extensions ['python_setup_py']
[0.937s] Level 1:colcon.colcon_core.package_identification:_identify(src) by extension 'python_setup_py'
[0.937s] Level 1:colcon.colcon_core.package_identification:_identify(src/velodyne_lidar) by extensions ['ignore', 'ignore_ament_install']
[0.937s] Level 1:colcon.colcon_core.package_identification:_identify(src/velodyne_lidar) by extension 'ignore'
[0.937s] Level 1:colcon.colcon_core.package_identification:_identify(src/velodyne_lidar) by extension 'ignore_ament_install'
[0.937s] Level 1:colcon.colcon_core.package_identification:_identify(src/velodyne_lidar) by extensions ['colcon_pkg']
[0.937s] Level 1:colcon.colcon_core.package_identification:_identify(src/velodyne_lidar) by extension 'colcon_pkg'
[0.937s] Level 1:colcon.colcon_core.package_identification:_identify(src/velodyne_lidar) by extensions ['colcon_meta']
[0.937s] Level 1:colcon.colcon_core.package_identification:_identify(src/velodyne_lidar) by extension 'colcon_meta'
[0.937s] Level 1:colcon.colcon_core.package_identification:_identify(src/velodyne_lidar) by extensions ['ros']
[0.937s] Level 1:colcon.colcon_core.package_identification:_identify(src/velodyne_lidar) by extension 'ros'
[0.939s] DEBUG:colcon.colcon_core.package_identification:Package 'src/velodyne_lidar' with type 'ros.ament_python' and name 'velodyne_lidar'
[0.939s] Level 1:colcon.colcon_core.package_identification:_identify(src/velodyne_lidar_bringup) by extensions ['ignore', 'ignore_ament_install']
[0.939s] Level 1:colcon.colcon_core.package_identification:_identify(src/velodyne_lidar_bringup) by extension 'ignore'
[0.939s] Level 1:colcon.colcon_core.package_identification:_identify(src/velodyne_lidar_bringup) by extension 'ignore_ament_install'
[0.939s] Level 1:colcon.colcon_core.package_identification:_identify(src/velodyne_lidar_bringup) by extensions ['colcon_pkg']
[0.939s] Level 1:colcon.colcon_core.package_identification:_identify(src/velodyne_lidar_bringup) by extension 'colcon_pkg'
[0.939s] Level 1:colcon.colcon_core.package_identification:_identify(src/velodyne_lidar_bringup) by extensions ['colcon_meta']
[0.939s] Level 1:colcon.colcon_core.package_identification:_identify(src/velodyne_lidar_bringup) by extension 'colcon_meta'
[0.939s] Level 1:colcon.colcon_core.package_identification:_identify(src/velodyne_lidar_bringup) by extensions ['ros']
[0.939s] Level 1:colcon.colcon_core.package_identification:_identify(src/velodyne_lidar_bringup) by extension 'ros'
[0.940s] DEBUG:colcon.colcon_core.package_identification:Package 'src/velodyne_lidar_bringup' with type 'ros.ament_cmake' and name 'velodyne_lidar_bringup'
[0.940s] Level 1:colcon.colcon_core.package_discovery:discover_packages(recursive) using defaults
[0.940s] Level 1:colcon.colcon_core.package_discovery:discover_packages(ignore) discover
[0.940s] Level 1:colcon.colcon_core.package_discovery:discover_packages(ignore) using defaults
[0.940s] Level 1:colcon.colcon_core.package_discovery:discover_packages(path) discover
[0.940s] Level 1:colcon.colcon_core.package_discovery:discover_packages(path) using defaults
[1.032s] Level 1:colcon.colcon_core.package_discovery:discover_packages(prefix_path) check parameters
[1.032s] Level 1:colcon.colcon_core.package_discovery:discover_packages(prefix_path) discover
[1.060s] DEBUG:colcon.colcon_installed_package_information.package_discovery:Found 2 installed packages in /home/vom/ros2_ws/RasPi_GPS_IMU/install
[1.073s] DEBUG:colcon.colcon_installed_package_information.package_discovery:Found 277 installed packages in /opt/ros/humble
[1.074s] Level 1:colcon.colcon_core.package_discovery:discover_packages(prefix_path) using defaults
[1.163s] Level 5:colcon.colcon_core.verb:set package 'velodyne_lidar' build argument 'cmake_args' from command line to 'None'
[1.163s] Level 5:colcon.colcon_core.verb:set package 'velodyne_lidar' build argument 'cmake_target' from command line to 'None'
[1.163s] Level 5:colcon.colcon_core.verb:set package 'velodyne_lidar' build argument 'cmake_target_skip_unavailable' from command line to 'False'
[1.163s] Level 5:colcon.colcon_core.verb:set package 'velodyne_lidar' build argument 'cmake_clean_cache' from command line to 'False'
[1.163s] Level 5:colcon.colcon_core.verb:set package 'velodyne_lidar' build argument 'cmake_clean_first' from command line to 'False'
[1.163s] Level 5:colcon.colcon_core.verb:set package 'velodyne_lidar' build argument 'cmake_force_configure' from command line to 'False'
[1.163s] Level 5:colcon.colcon_core.verb:set package 'velodyne_lidar' build argument 'ament_cmake_args' from command line to 'None'
[1.163s] Level 5:colcon.colcon_core.verb:set package 'velodyne_lidar' build argument 'catkin_cmake_args' from command line to 'None'
[1.163s] Level 5:colcon.colcon_core.verb:set package 'velodyne_lidar' build argument 'catkin_skip_building_tests' from command line to 'False'
[1.163s] DEBUG:colcon.colcon_core.verb:Building package 'velodyne_lidar' with the following arguments: {'ament_cmake_args': None, 'build_base': '/home/vom/ros2_ws/RasPi_LiDAR/build/velodyne_lidar', 'catkin_cmake_args': None, 'catkin_skip_building_tests': False, 'cmake_args': None, 'cmake_clean_cache': False, 'cmake_clean_first': False, 'cmake_force_configure': False, 'cmake_target': None, 'cmake_target_skip_unavailable': False, 'install_base': '/home/vom/ros2_ws/RasPi_LiDAR/install/velodyne_lidar', 'merge_install': False, 'path': '/home/vom/ros2_ws/RasPi_LiDAR/src/velodyne_lidar', 'symlink_install': True, 'test_result_base': None}
[1.177s] Level 5:colcon.colcon_core.verb:set package 'velodyne_lidar_bringup' build argument 'cmake_args' from command line to 'None'
[1.177s] Level 5:colcon.colcon_core.verb:set package 'velodyne_lidar_bringup' build argument 'cmake_target' from command line to 'None'
[1.177s] Level 5:colcon.colcon_core.verb:set package 'velodyne_lidar_bringup' build argument 'cmake_target_skip_unavailable' from command line to 'False'
[1.177s] Level 5:colcon.colcon_core.verb:set package 'velodyne_lidar_bringup' build argument 'cmake_clean_cache' from command line to 'False'
[1.177s] Level 5:colcon.colcon_core.verb:set package 'velodyne_lidar_bringup' build argument 'cmake_clean_first' from command line to 'False'
[1.177s] Level 5:colcon.colcon_core.verb:set package 'velodyne_lidar_bringup' build argument 'cmake_force_configure' from command line to 'False'
[1.177s] Level 5:colcon.colcon_core.verb:set package 'velodyne_lidar_bringup' build argument 'ament_cmake_args' from command line to 'None'
[1.177s] Level 5:colcon.colcon_core.verb:set package 'velodyne_lidar_bringup' build argument 'catkin_cmake_args' from command line to 'None'
[1.177s] Level 5:colcon.colcon_core.verb:set package 'velodyne_lidar_bringup' build argument 'catkin_skip_building_tests' from command line to 'False'
[1.177s] DEBUG:colcon.colcon_core.verb:Building package 'velodyne_lidar_bringup' with the following arguments: {'ament_cmake_args': None, 'build_base': '/home/vom/ros2_ws/RasPi_LiDAR/build/velodyne_lidar_bringup', 'catkin_cmake_args': None, 'catkin_skip_building_tests': False, 'cmake_args': None, 'cmake_clean_cache': False, 'cmake_clean_first': False, 'cmake_force_configure': False, 'cmake_target': None, 'cmake_target_skip_unavailable': False, 'install_base': '/home/vom/ros2_ws/RasPi_LiDAR/install/velodyne_lidar_bringup', 'merge_install': False, 'path': '/home/vom/ros2_ws/RasPi_LiDAR/src/velodyne_lidar_bringup', 'symlink_install': True, 'test_result_base': None}
[1.190s] INFO:colcon.colcon_core.executor:Executing jobs using 'parallel' executor
[1.204s] DEBUG:colcon.colcon_parallel_executor.executor.parallel:run_until_complete
[1.204s] INFO:colcon.colcon_ros.task.ament_python.build:Building ROS package in '/home/vom/ros2_ws/RasPi_LiDAR/src/velodyne_lidar' with build type 'ament_python'
[1.204s] Level 1:colcon.colcon_core.shell:create_environment_hook('velodyne_lidar', 'ament_prefix_path')
[1.219s] INFO:colcon.colcon_core.plugin_system:Skipping extension 'colcon_core.shell.bat': Not used on non-Windows systems
[1.219s] INFO:colcon.colcon_core.shell:Creating environment hook '/home/vom/ros2_ws/RasPi_LiDAR/install/velodyne_lidar/share/velodyne_lidar/hook/ament_prefix_path.ps1'
[1.220s] INFO:colcon.colcon_core.shell:Creating environment descriptor '/home/vom/ros2_ws/RasPi_LiDAR/install/velodyne_lidar/share/velodyne_lidar/hook/ament_prefix_path.dsv'
[1.220s] INFO:colcon.colcon_core.shell:Creating environment hook '/home/vom/ros2_ws/RasPi_LiDAR/install/velodyne_lidar/share/velodyne_lidar/hook/ament_prefix_path.sh'
[1.233s] INFO:colcon.colcon_core.shell:Skip shell extension 'powershell' for command environment: Not usable outside of PowerShell
[1.234s] DEBUG:colcon.colcon_core.shell:Skip shell extension 'dsv' for command environment
[1.277s] INFO:colcon.colcon_ros.task.ament_cmake.build:Building ROS package in '/home/vom/ros2_ws/RasPi_LiDAR/src/velodyne_lidar_bringup' with build type 'ament_cmake'
[1.277s] INFO:colcon.colcon_cmake.task.cmake.build:Building CMake package in '/home/vom/ros2_ws/RasPi_LiDAR/src/velodyne_lidar_bringup'
[1.291s] INFO:colcon.colcon_core.shell:Skip shell extension 'powershell' for command environment: Not usable outside of PowerShell
[1.291s] DEBUG:colcon.colcon_core.shell:Skip shell extension 'dsv' for command environment
[1.555s] INFO:colcon.colcon_core.task.python.build:Building Python package in '/home/vom/ros2_ws/RasPi_LiDAR/src/velodyne_lidar'
[1.568s] INFO:colcon.colcon_core.shell:Skip shell extension 'powershell' for command environment: Not usable outside of PowerShell
[1.568s] DEBUG:colcon.colcon_core.shell:Skip shell extension 'dsv' for command environment
[1.615s] DEBUG:colcon.colcon_core.event_handler.log_command:Invoking command in '/home/vom/ros2_ws/RasPi_LiDAR/build/velodyne_lidar_bringup': CMAKE_PREFIX_PATH=/home/vom/ros2_ws/RasPi_GPS_IMU/install/imu:/home/vom/ros2_ws/RasPi_GPS_IMU/install/gps_rtk2:/opt/ros/humble /usr/bin/cmake /home/vom/ros2_ws/RasPi_LiDAR/src/velodyne_lidar_bringup -DAMENT_CMAKE_SYMLINK_INSTALL=1 -DCMAKE_INSTALL_PREFIX=/home/vom/ros2_ws/RasPi_LiDAR/install/velodyne_lidar_bringup
[1.926s] DEBUG:colcon.colcon_core.event_handler.log_command:Invoking command in '/home/vom/ros2_ws/RasPi_LiDAR/build/velodyne_lidar': PYTHONPATH=/home/vom/ros2_ws/RasPi_LiDAR/build/velodyne_lidar/prefix_override:/home/vom/ros2_ws/RasPi_LiDAR/install/velodyne_lidar/lib/python3.10/site-packages:${PYTHONPATH} /usr/bin/python3 setup.py develop --editable --build-directory /home/vom/ros2_ws/RasPi_LiDAR/build/velodyne_lidar/build --no-deps install_data
[2.357s] DEBUG:colcon.colcon_core.event_handler.log_command:Invoked command in '/home/vom/ros2_ws/RasPi_LiDAR/build/velodyne_lidar_bringup' returned '0': CMAKE_PREFIX_PATH=/home/vom/ros2_ws/RasPi_GPS_IMU/install/imu:/home/vom/ros2_ws/RasPi_GPS_IMU/install/gps_rtk2:/opt/ros/humble /usr/bin/cmake /home/vom/ros2_ws/RasPi_LiDAR/src/velodyne_lidar_bringup -DAMENT_CMAKE_SYMLINK_INSTALL=1 -DCMAKE_INSTALL_PREFIX=/home/vom/ros2_ws/RasPi_LiDAR/install/velodyne_lidar_bringup
[2.359s] DEBUG:colcon.colcon_core.event_handler.log_command:Invoking command in '/home/vom/ros2_ws/RasPi_LiDAR/build/velodyne_lidar_bringup': CMAKE_PREFIX_PATH=/home/vom/ros2_ws/RasPi_GPS_IMU/install/imu:/home/vom/ros2_ws/RasPi_GPS_IMU/install/gps_rtk2:/opt/ros/humble /usr/bin/cmake --build /home/vom/ros2_ws/RasPi_LiDAR/build/velodyne_lidar_bringup -- -j8 -l8
[2.392s] Level 1:colcon.colcon_core.shell:create_environment_hook('velodyne_lidar', 'pythonpath_develop')
[2.392s] DEBUG:colcon.colcon_core.event_handler.log_command:Invoked command in '/home/vom/ros2_ws/RasPi_LiDAR/build/velodyne_lidar' returned '0': PYTHONPATH=/home/vom/ros2_ws/RasPi_LiDAR/build/velodyne_lidar/prefix_override:/home/vom/ros2_ws/RasPi_LiDAR/install/velodyne_lidar/lib/python3.10/site-packages:${PYTHONPATH} /usr/bin/python3 setup.py develop --editable --build-directory /home/vom/ros2_ws/RasPi_LiDAR/build/velodyne_lidar/build --no-deps install_data
[2.406s] INFO:colcon.colcon_core.shell:Creating environment hook '/home/vom/ros2_ws/RasPi_LiDAR/build/velodyne_lidar/share/velodyne_lidar/hook/pythonpath_develop.ps1'
[2.406s] INFO:colcon.colcon_core.shell:Creating environment descriptor '/home/vom/ros2_ws/RasPi_LiDAR/build/velodyne_lidar/share/velodyne_lidar/hook/pythonpath_develop.dsv'
[2.407s] INFO:colcon.colcon_core.shell:Creating environment hook '/home/vom/ros2_ws/RasPi_LiDAR/build/velodyne_lidar/share/velodyne_lidar/hook/pythonpath_develop.sh'
[2.421s] Level 1:colcon.colcon_core.environment:checking '/home/vom/ros2_ws/RasPi_LiDAR/install/velodyne_lidar' for CMake module files
[2.422s] Level 1:colcon.colcon_core.environment:checking '/home/vom/ros2_ws/RasPi_LiDAR/install/velodyne_lidar' for CMake config files
[2.422s] Level 1:colcon.colcon_core.environment:checking '/home/vom/ros2_ws/RasPi_LiDAR/install/velodyne_lidar/lib'
[2.422s] Level 1:colcon.colcon_core.environment:checking '/home/vom/ros2_ws/RasPi_LiDAR/install/velodyne_lidar/bin'
[2.422s] Level 1:colcon.colcon_core.environment:checking '/home/vom/ros2_ws/RasPi_LiDAR/install/velodyne_lidar/lib/pkgconfig/velodyne_lidar.pc'
[2.423s] Level 1:colcon.colcon_core.environment:checking '/home/vom/ros2_ws/RasPi_LiDAR/install/velodyne_lidar/lib/python3.10/site-packages'
[2.423s] Level 1:colcon.colcon_core.shell:create_environment_hook('velodyne_lidar', 'pythonpath')
[2.437s] INFO:colcon.colcon_core.shell:Creating environment hook '/home/vom/ros2_ws/RasPi_LiDAR/install/velodyne_lidar/share/velodyne_lidar/hook/pythonpath.ps1'
[2.437s] INFO:colcon.colcon_core.shell:Creating environment descriptor '/home/vom/ros2_ws/RasPi_LiDAR/install/velodyne_lidar/share/velodyne_lidar/hook/pythonpath.dsv'
[2.437s] INFO:colcon.colcon_core.shell:Creating environment hook '/home/vom/ros2_ws/RasPi_LiDAR/install/velodyne_lidar/share/velodyne_lidar/hook/pythonpath.sh'
[2.437s] Level 1:colcon.colcon_core.environment:checking '/home/vom/ros2_ws/RasPi_LiDAR/install/velodyne_lidar/bin'
[2.438s] Level 1:colcon.colcon_core.environment:create_environment_scripts_only(velodyne_lidar)
[2.452s] INFO:colcon.colcon_core.shell:Creating package script '/home/vom/ros2_ws/RasPi_LiDAR/install/velodyne_lidar/share/velodyne_lidar/package.ps1'
[2.452s] INFO:colcon.colcon_core.shell:Creating package descriptor '/home/vom/ros2_ws/RasPi_LiDAR/install/velodyne_lidar/share/velodyne_lidar/package.dsv'
[2.453s] INFO:colcon.colcon_core.shell:Creating package script '/home/vom/ros2_ws/RasPi_LiDAR/install/velodyne_lidar/share/velodyne_lidar/package.sh'
[2.454s] INFO:colcon.colcon_core.shell:Creating package script '/home/vom/ros2_ws/RasPi_LiDAR/install/velodyne_lidar/share/velodyne_lidar/package.bash'
[2.455s] INFO:colcon.colcon_core.shell:Creating package script '/home/vom/ros2_ws/RasPi_LiDAR/install/velodyne_lidar/share/velodyne_lidar/package.zsh'
[2.455s] Level 1:colcon.colcon_core.environment:create_file_with_runtime_dependencies(/home/vom/ros2_ws/RasPi_LiDAR/install/velodyne_lidar/share/colcon-core/packages/velodyne_lidar)
[2.457s] DEBUG:colcon.colcon_core.event_handler.log_command:Invoked command in '/home/vom/ros2_ws/RasPi_LiDAR/build/velodyne_lidar_bringup' returned '0': CMAKE_PREFIX_PATH=/home/vom/ros2_ws/RasPi_GPS_IMU/install/imu:/home/vom/ros2_ws/RasPi_GPS_IMU/install/gps_rtk2:/opt/ros/humble /usr/bin/cmake --build /home/vom/ros2_ws/RasPi_LiDAR/build/velodyne_lidar_bringup -- -j8 -l8
[2.481s] DEBUG:colcon.colcon_core.event_handler.log_command:Invoking command in '/home/vom/ros2_ws/RasPi_LiDAR/build/velodyne_lidar_bringup': CMAKE_PREFIX_PATH=/home/vom/ros2_ws/RasPi_GPS_IMU/install/imu:/home/vom/ros2_ws/RasPi_GPS_IMU/install/gps_rtk2:/opt/ros/humble /usr/bin/cmake --install /home/vom/ros2_ws/RasPi_LiDAR/build/velodyne_lidar_bringup
[2.607s] Level 1:colcon.colcon_core.environment:create_environment_scripts_only(velodyne_lidar_bringup)
[2.608s] DEBUG:colcon.colcon_core.event_handler.log_command:Invoked command in '/home/vom/ros2_ws/RasPi_LiDAR/build/velodyne_lidar_bringup' returned '0': CMAKE_PREFIX_PATH=/home/vom/ros2_ws/RasPi_GPS_IMU/install/imu:/home/vom/ros2_ws/RasPi_GPS_IMU/install/gps_rtk2:/opt/ros/humble /usr/bin/cmake --install /home/vom/ros2_ws/RasPi_LiDAR/build/velodyne_lidar_bringup
[2.623s] Level 1:colcon.colcon_core.environment:checking '/home/vom/ros2_ws/RasPi_LiDAR/install/velodyne_lidar_bringup' for CMake module files
[2.623s] Level 1:colcon.colcon_core.environment:checking '/home/vom/ros2_ws/RasPi_LiDAR/install/velodyne_lidar_bringup' for CMake config files
[2.624s] Level 1:colcon.colcon_core.shell:create_environment_hook('velodyne_lidar_bringup', 'cmake_prefix_path')
[2.642s] INFO:colcon.colcon_core.shell:Creating environment hook '/home/vom/ros2_ws/RasPi_LiDAR/install/velodyne_lidar_bringup/share/velodyne_lidar_bringup/hook/cmake_prefix_path.ps1'
[2.642s] INFO:colcon.colcon_core.shell:Creating environment descriptor '/home/vom/ros2_ws/RasPi_LiDAR/install/velodyne_lidar_bringup/share/velodyne_lidar_bringup/hook/cmake_prefix_path.dsv'
[2.642s] INFO:colcon.colcon_core.shell:Creating environment hook '/home/vom/ros2_ws/RasPi_LiDAR/install/velodyne_lidar_bringup/share/velodyne_lidar_bringup/hook/cmake_prefix_path.sh'
[2.643s] Level 1:colcon.colcon_core.environment:checking '/home/vom/ros2_ws/RasPi_LiDAR/install/velodyne_lidar_bringup/bin'
[2.643s] Level 1:colcon.colcon_core.environment:checking '/home/vom/ros2_ws/RasPi_LiDAR/install/velodyne_lidar_bringup/lib/pkgconfig/velodyne_lidar_bringup.pc'
[2.643s] Level 1:colcon.colcon_core.environment:checking '/home/vom/ros2_ws/RasPi_LiDAR/install/velodyne_lidar_bringup/lib/python3.10/site-packages'
[2.643s] Level 1:colcon.colcon_core.environment:checking '/home/vom/ros2_ws/RasPi_LiDAR/install/velodyne_lidar_bringup/bin'
[2.659s] INFO:colcon.colcon_core.shell:Creating package script '/home/vom/ros2_ws/RasPi_LiDAR/install/velodyne_lidar_bringup/share/velodyne_lidar_bringup/package.ps1'
[2.659s] INFO:colcon.colcon_core.shell:Creating package descriptor '/home/vom/ros2_ws/RasPi_LiDAR/install/velodyne_lidar_bringup/share/velodyne_lidar_bringup/package.dsv'
[2.660s] INFO:colcon.colcon_core.shell:Creating package script '/home/vom/ros2_ws/RasPi_LiDAR/install/velodyne_lidar_bringup/share/velodyne_lidar_bringup/package.sh'
[2.660s] INFO:colcon.colcon_core.shell:Creating package script '/home/vom/ros2_ws/RasPi_LiDAR/install/velodyne_lidar_bringup/share/velodyne_lidar_bringup/package.bash'
[2.660s] INFO:colcon.colcon_core.shell:Creating package script '/home/vom/ros2_ws/RasPi_LiDAR/install/velodyne_lidar_bringup/share/velodyne_lidar_bringup/package.zsh'
[2.660s] Level 1:colcon.colcon_core.environment:create_file_with_runtime_dependencies(/home/vom/ros2_ws/RasPi_LiDAR/install/velodyne_lidar_bringup/share/colcon-core/packages/velodyne_lidar_bringup)
[2.696s] Level 1:colcon.colcon_core.environment:create_environment_scripts_only(velodyne_lidar_bringup)
[2.711s] Level 1:colcon.colcon_core.environment:checking '/home/vom/ros2_ws/RasPi_LiDAR/install/velodyne_lidar_bringup' for CMake module files
[2.711s] Level 1:colcon.colcon_core.environment:checking '/home/vom/ros2_ws/RasPi_LiDAR/install/velodyne_lidar_bringup' for CMake config files
[2.711s] Level 1:colcon.colcon_core.shell:create_environment_hook('velodyne_lidar_bringup', 'cmake_prefix_path')
[2.726s] INFO:colcon.colcon_core.shell:Creating environment hook '/home/vom/ros2_ws/RasPi_LiDAR/install/velodyne_lidar_bringup/share/velodyne_lidar_bringup/hook/cmake_prefix_path.ps1'
[2.726s] INFO:colcon.colcon_core.shell:Creating environment descriptor '/home/vom/ros2_ws/RasPi_LiDAR/install/velodyne_lidar_bringup/share/velodyne_lidar_bringup/hook/cmake_prefix_path.dsv'
[2.727s] INFO:colcon.colcon_core.shell:Creating environment hook '/home/vom/ros2_ws/RasPi_LiDAR/install/velodyne_lidar_bringup/share/velodyne_lidar_bringup/hook/cmake_prefix_path.sh'
[2.727s] Level 1:colcon.colcon_core.environment:checking '/home/vom/ros2_ws/RasPi_LiDAR/install/velodyne_lidar_bringup/bin'
[2.727s] Level 1:colcon.colcon_core.environment:checking '/home/vom/ros2_ws/RasPi_LiDAR/install/velodyne_lidar_bringup/lib/pkgconfig/velodyne_lidar_bringup.pc'
[2.727s] Level 1:colcon.colcon_core.environment:checking '/home/vom/ros2_ws/RasPi_LiDAR/install/velodyne_lidar_bringup/lib/python3.10/site-packages'
[2.728s] Level 1:colcon.colcon_core.environment:checking '/home/vom/ros2_ws/RasPi_LiDAR/install/velodyne_lidar_bringup/bin'
[2.742s] INFO:colcon.colcon_core.shell:Creating package script '/home/vom/ros2_ws/RasPi_LiDAR/install/velodyne_lidar_bringup/share/velodyne_lidar_bringup/package.ps1'
[2.742s] INFO:colcon.colcon_core.shell:Creating package descriptor '/home/vom/ros2_ws/RasPi_LiDAR/install/velodyne_lidar_bringup/share/velodyne_lidar_bringup/package.dsv'
[2.742s] INFO:colcon.colcon_core.shell:Creating package script '/home/vom/ros2_ws/RasPi_LiDAR/install/velodyne_lidar_bringup/share/velodyne_lidar_bringup/package.sh'
[2.743s] INFO:colcon.colcon_core.shell:Creating package script '/home/vom/ros2_ws/RasPi_LiDAR/install/velodyne_lidar_bringup/share/velodyne_lidar_bringup/package.bash'
[2.743s] INFO:colcon.colcon_core.shell:Creating package script '/home/vom/ros2_ws/RasPi_LiDAR/install/velodyne_lidar_bringup/share/velodyne_lidar_bringup/package.zsh'
[2.743s] Level 1:colcon.colcon_core.environment:create_file_with_runtime_dependencies(/home/vom/ros2_ws/RasPi_LiDAR/install/velodyne_lidar_bringup/share/colcon-core/packages/velodyne_lidar_bringup)
[2.744s] DEBUG:colcon.colcon_parallel_executor.executor.parallel:closing loop
[2.744s] DEBUG:colcon.colcon_parallel_executor.executor.parallel:loop closed
[2.744s] DEBUG:colcon.colcon_parallel_executor.executor.parallel:run_until_complete finished with '0'
[2.744s] DEBUG:colcon.colcon_core.event_reactor:joining thread
[2.765s] INFO:colcon.colcon_core.plugin_system:Skipping extension 'colcon_notification.desktop_notification.terminal_notifier': Not used on non-Darwin systems
[2.765s] INFO:colcon.colcon_core.plugin_system:Skipping extension 'colcon_notification.desktop_notification.win32': Not used on non-Windows systems
[2.765s] INFO:colcon.colcon_notification.desktop_notification:Sending desktop notification using 'notify2'
[2.777s] DEBUG:colcon.colcon_core.event_reactor:joined thread
[2.796s] INFO:colcon.colcon_core.shell:Creating prefix script '/home/vom/ros2_ws/RasPi_LiDAR/install/local_setup.ps1'
[2.797s] INFO:colcon.colcon_core.shell:Creating prefix util module '/home/vom/ros2_ws/RasPi_LiDAR/install/_local_setup_util_ps1.py'
[2.798s] INFO:colcon.colcon_core.shell:Creating prefix chain script '/home/vom/ros2_ws/RasPi_LiDAR/install/setup.ps1'
[2.815s] INFO:colcon.colcon_core.shell:Creating prefix script '/home/vom/ros2_ws/RasPi_LiDAR/install/local_setup.sh'
[2.815s] INFO:colcon.colcon_core.shell:Creating prefix util module '/home/vom/ros2_ws/RasPi_LiDAR/install/_local_setup_util_sh.py'
[2.816s] INFO:colcon.colcon_core.shell:Creating prefix chain script '/home/vom/ros2_ws/RasPi_LiDAR/install/setup.sh'
[2.829s] INFO:colcon.colcon_core.shell:Creating prefix script '/home/vom/ros2_ws/RasPi_LiDAR/install/local_setup.bash'
[2.830s] INFO:colcon.colcon_core.shell:Creating prefix chain script '/home/vom/ros2_ws/RasPi_LiDAR/install/setup.bash'
[2.843s] INFO:colcon.colcon_core.shell:Creating prefix script '/home/vom/ros2_ws/RasPi_LiDAR/install/local_setup.zsh'
[2.843s] INFO:colcon.colcon_core.shell:Creating prefix chain script '/home/vom/ros2_ws/RasPi_LiDAR/install/setup.zsh'
