-- The C compiler identification is GNU 11.4.0
-- The CXX compiler identification is GNU 11.4.0
-- Detecting C compiler ABI info
-- Detecting C compiler ABI info - done
-- Check for working C compiler: /usr/bin/cc - skipped
-- Detecting C compile features
-- Detecting C compile features - done
-- Detecting CXX compiler ABI info
-- Detecting CXX compiler ABI info - done
-- Check for working CXX compiler: /usr/bin/c++ - skipped
-- Detecting CXX compile features
-- Detecting CXX compile features - done
-- Found ament_cmake: 1.3.5 (/opt/ros/humble/share/ament_cmake/cmake)
-- Found Python3: /usr/bin/python3.10 (found version "3.10.12") found components: Interpreter 
-- Override CMake install command with custom implementation using symlinks instead of copying resources
-- Configuring done
-- Generating done
-- Build files have been written to: /home/vom/ros2_ws/RasPi_LiDAR/build/velodyne_lidar_bringup
-- Install configuration: ""
-- Execute custom install script
-- Symlinking: /home/vom/ros2_ws/RasPi_LiDAR/install/velodyne_lidar_bringup/share/velodyne_lidar_bringup/launch/lidar.launch.py
-- Symlinking: /home/vom/ros2_ws/RasPi_LiDAR/install/velodyne_lidar_bringup/share/ament_index/resource_index/package_run_dependencies/velodyne_lidar_bringup
-- Symlinking: /home/vom/ros2_ws/RasPi_LiDAR/install/velodyne_lidar_bringup/share/ament_index/resource_index/parent_prefix_path/velodyne_lidar_bringup
-- Symlinking: /home/vom/ros2_ws/RasPi_LiDAR/install/velodyne_lidar_bringup/share/velodyne_lidar_bringup/environment/ament_prefix_path.sh
-- Symlinking: /home/vom/ros2_ws/RasPi_LiDAR/install/velodyne_lidar_bringup/share/velodyne_lidar_bringup/environment/ament_prefix_path.dsv
-- Symlinking: /home/vom/ros2_ws/RasPi_LiDAR/install/velodyne_lidar_bringup/share/velodyne_lidar_bringup/environment/path.sh
-- Symlinking: /home/vom/ros2_ws/RasPi_LiDAR/install/velodyne_lidar_bringup/share/velodyne_lidar_bringup/environment/path.dsv
-- Symlinking: /home/vom/ros2_ws/RasPi_LiDAR/install/velodyne_lidar_bringup/share/velodyne_lidar_bringup/local_setup.bash
-- Symlinking: /home/vom/ros2_ws/RasPi_LiDAR/install/velodyne_lidar_bringup/share/velodyne_lidar_bringup/local_setup.sh
-- Symlinking: /home/vom/ros2_ws/RasPi_LiDAR/install/velodyne_lidar_bringup/share/velodyne_lidar_bringup/local_setup.zsh
-- Symlinking: /home/vom/ros2_ws/RasPi_LiDAR/install/velodyne_lidar_bringup/share/velodyne_lidar_bringup/local_setup.dsv
-- Symlinking: /home/vom/ros2_ws/RasPi_LiDAR/install/velodyne_lidar_bringup/share/velodyne_lidar_bringup/package.dsv
-- Symlinking: /home/vom/ros2_ws/RasPi_LiDAR/install/velodyne_lidar_bringup/share/ament_index/resource_index/packages/velodyne_lidar_bringup
-- Symlinking: /home/vom/ros2_ws/RasPi_LiDAR/install/velodyne_lidar_bringup/share/velodyne_lidar_bringup/cmake/velodyne_lidar_bringupConfig.cmake
-- Symlinking: /home/vom/ros2_ws/RasPi_LiDAR/install/velodyne_lidar_bringup/share/velodyne_lidar_bringup/cmake/velodyne_lidar_bringupConfig-version.cmake
-- Symlinking: /home/vom/ros2_ws/RasPi_LiDAR/install/velodyne_lidar_bringup/share/velodyne_lidar_bringup/package.xml
