[0.338s] Invoking command in '/home/vom/ros2_ws/RasPi_LiDAR/build/velodyne_lidar_bringup': CMAKE_PREFIX_PATH=/home/vom/ros2_ws/RasPi_GPS_IMU/install/imu:/home/vom/ros2_ws/RasPi_GPS_IMU/install/gps_rtk2:/opt/ros/humble /usr/bin/cmake /home/vom/ros2_ws/RasPi_LiDAR/src/velodyne_lidar_bringup -DAMENT_CMAKE_SYMLINK_INSTALL=1 -DCMAKE_INSTALL_PREFIX=/home/vom/ros2_ws/RasPi_LiDAR/install/velodyne_lidar_bringup
[0.430s] -- The C compiler identification is GNU 11.4.0
[0.481s] -- The CXX compiler identification is GNU 11.4.0
[0.498s] -- Detecting C compiler ABI info
[0.559s] -- Detecting C compiler ABI info - done
[0.566s] -- Check for working C compiler: /usr/bin/cc - skipped
[0.567s] -- Detecting C compile features
[0.568s] -- Detecting C compile features - done
[0.573s] -- Detecting CXX compiler ABI info
[0.639s] -- Detecting CXX compiler ABI info - done
[0.645s] -- Check for working CXX compiler: /usr/bin/c++ - skipped
[0.646s] -- Detecting CXX compile features
[0.646s] -- Detecting CXX compile features - done
[0.657s] -- Found ament_cmake: 1.3.5 (/opt/ros/humble/share/ament_cmake/cmake)
[0.849s] -- Found Python3: /usr/bin/python3.10 (found version "3.10.12") found components: Interpreter 
[0.940s] -- Override CMake install command with custom implementation using symlinks instead of copying resources
[1.069s] -- Configuring done
[1.071s] -- Generating done
[1.072s] -- Build files have been written to: /home/vom/ros2_ws/RasPi_LiDAR/build/velodyne_lidar_bringup
[1.080s] Invoked command in '/home/vom/ros2_ws/RasPi_LiDAR/build/velodyne_lidar_bringup' returned '0': CMAKE_PREFIX_PATH=/home/vom/ros2_ws/RasPi_GPS_IMU/install/imu:/home/vom/ros2_ws/RasPi_GPS_IMU/install/gps_rtk2:/opt/ros/humble /usr/bin/cmake /home/vom/ros2_ws/RasPi_LiDAR/src/velodyne_lidar_bringup -DAMENT_CMAKE_SYMLINK_INSTALL=1 -DCMAKE_INSTALL_PREFIX=/home/vom/ros2_ws/RasPi_LiDAR/install/velodyne_lidar_bringup
[1.082s] Invoking command in '/home/vom/ros2_ws/RasPi_LiDAR/build/velodyne_lidar_bringup': CMAKE_PREFIX_PATH=/home/vom/ros2_ws/RasPi_GPS_IMU/install/imu:/home/vom/ros2_ws/RasPi_GPS_IMU/install/gps_rtk2:/opt/ros/humble /usr/bin/cmake --build /home/vom/ros2_ws/RasPi_LiDAR/build/velodyne_lidar_bringup -- -j8 -l8
[1.180s] Invoked command in '/home/vom/ros2_ws/RasPi_LiDAR/build/velodyne_lidar_bringup' returned '0': CMAKE_PREFIX_PATH=/home/vom/ros2_ws/RasPi_GPS_IMU/install/imu:/home/vom/ros2_ws/RasPi_GPS_IMU/install/gps_rtk2:/opt/ros/humble /usr/bin/cmake --build /home/vom/ros2_ws/RasPi_LiDAR/build/velodyne_lidar_bringup -- -j8 -l8
[1.204s] Invoking command in '/home/vom/ros2_ws/RasPi_LiDAR/build/velodyne_lidar_bringup': CMAKE_PREFIX_PATH=/home/vom/ros2_ws/RasPi_GPS_IMU/install/imu:/home/vom/ros2_ws/RasPi_GPS_IMU/install/gps_rtk2:/opt/ros/humble /usr/bin/cmake --install /home/vom/ros2_ws/RasPi_LiDAR/build/velodyne_lidar_bringup
[1.210s] -- Install configuration: ""
[1.210s] -- Execute custom install script
[1.211s] -- Symlinking: /home/vom/ros2_ws/RasPi_LiDAR/install/velodyne_lidar_bringup/share/velodyne_lidar_bringup/launch/lidar.launch.py
[1.217s] -- Symlinking: /home/vom/ros2_ws/RasPi_LiDAR/install/velodyne_lidar_bringup/share/ament_index/resource_index/package_run_dependencies/velodyne_lidar_bringup
[1.224s] -- Symlinking: /home/vom/ros2_ws/RasPi_LiDAR/install/velodyne_lidar_bringup/share/ament_index/resource_index/parent_prefix_path/velodyne_lidar_bringup
[1.231s] -- Symlinking: /home/vom/ros2_ws/RasPi_LiDAR/install/velodyne_lidar_bringup/share/velodyne_lidar_bringup/environment/ament_prefix_path.sh
[1.237s] -- Symlinking: /home/vom/ros2_ws/RasPi_LiDAR/install/velodyne_lidar_bringup/share/velodyne_lidar_bringup/environment/ament_prefix_path.dsv
[1.244s] -- Symlinking: /home/vom/ros2_ws/RasPi_LiDAR/install/velodyne_lidar_bringup/share/velodyne_lidar_bringup/environment/path.sh
[1.250s] -- Symlinking: /home/vom/ros2_ws/RasPi_LiDAR/install/velodyne_lidar_bringup/share/velodyne_lidar_bringup/environment/path.dsv
[1.258s] -- Symlinking: /home/vom/ros2_ws/RasPi_LiDAR/install/velodyne_lidar_bringup/share/velodyne_lidar_bringup/local_setup.bash
[1.265s] -- Symlinking: /home/vom/ros2_ws/RasPi_LiDAR/install/velodyne_lidar_bringup/share/velodyne_lidar_bringup/local_setup.sh
[1.272s] -- Symlinking: /home/vom/ros2_ws/RasPi_LiDAR/install/velodyne_lidar_bringup/share/velodyne_lidar_bringup/local_setup.zsh
[1.278s] -- Symlinking: /home/vom/ros2_ws/RasPi_LiDAR/install/velodyne_lidar_bringup/share/velodyne_lidar_bringup/local_setup.dsv
[1.287s] -- Symlinking: /home/vom/ros2_ws/RasPi_LiDAR/install/velodyne_lidar_bringup/share/velodyne_lidar_bringup/package.dsv
[1.294s] -- Symlinking: /home/vom/ros2_ws/RasPi_LiDAR/install/velodyne_lidar_bringup/share/ament_index/resource_index/packages/velodyne_lidar_bringup
[1.305s] -- Symlinking: /home/vom/ros2_ws/RasPi_LiDAR/install/velodyne_lidar_bringup/share/velodyne_lidar_bringup/cmake/velodyne_lidar_bringupConfig.cmake
[1.313s] -- Symlinking: /home/vom/ros2_ws/RasPi_LiDAR/install/velodyne_lidar_bringup/share/velodyne_lidar_bringup/cmake/velodyne_lidar_bringupConfig-version.cmake
[1.320s] -- Symlinking: /home/vom/ros2_ws/RasPi_LiDAR/install/velodyne_lidar_bringup/share/velodyne_lidar_bringup/package.xml
[1.331s] Invoked command in '/home/vom/ros2_ws/RasPi_LiDAR/build/velodyne_lidar_bringup' returned '0': CMAKE_PREFIX_PATH=/home/vom/ros2_ws/RasPi_GPS_IMU/install/imu:/home/vom/ros2_ws/RasPi_GPS_IMU/install/gps_rtk2:/opt/ros/humble /usr/bin/cmake --install /home/vom/ros2_ws/RasPi_LiDAR/build/velodyne_lidar_bringup
