[0.461s] Invoking command in '/home/vom/RasPi_LiDAR/build/velodyne_lidar_bringup': CMAKE_PREFIX_PATH=/home/vom/ros2_ws/install/velodyne_lidar:/opt/ros/humble /usr/bin/cmake /home/vom/RasPi_LiDAR/src/velodyne_lidar_bringup -DAMENT_CMAKE_SYMLINK_INSTALL=1 -DCMAKE_INSTALL_PREFIX=/home/vom/RasPi_LiDAR/install/velodyne_lidar_bringup
[0.591s] -- The C compiler identification is GNU 11.4.0
[0.742s] -- The CXX compiler identification is GNU 11.4.0
[0.762s] -- Detecting C compiler ABI info
[0.835s] -- Detecting C compiler ABI info - done
[0.844s] -- Check for working C compiler: /usr/bin/cc - skipped
[0.845s] -- Detecting C compile features
[0.846s] -- Detecting C compile features - done
[0.851s] -- Detecting CXX compiler ABI info
[0.954s] -- Detecting CXX compiler ABI info - done
[0.957s] -- Check for working CXX compiler: /usr/bin/c++ - skipped
[0.957s] -- Detecting CXX compile features
[0.958s] -- Detecting CXX compile features - done
[0.972s] -- Found ament_cmake: 1.3.5 (/opt/ros/humble/share/ament_cmake/cmake)
[1.139s] -- Found Python3: /usr/bin/python3.10 (found version "3.10.12") found components: Interpreter 
[1.213s] -- Override CMake install command with custom implementation using symlinks instead of copying resources
[1.262s] -- Found ament_lint_auto: 0.12.8 (/opt/ros/humble/share/ament_lint_auto/cmake)
[1.349s] -- Added test 'flake8' to check Python code syntax and style conventions
[1.350s] -- Added test 'lint_cmake' to check CMake code style
[1.351s] -- Added test 'pep257' to check Python code against some of the docstring style conventions in PEP 257
[1.352s] -- Added test 'xmllint' to check XML markup files
[1.355s] -- Configuring done
[1.357s] -- Generating done
[1.358s] -- Build files have been written to: /home/vom/RasPi_LiDAR/build/velodyne_lidar_bringup
[1.364s] Invoked command in '/home/vom/RasPi_LiDAR/build/velodyne_lidar_bringup' returned '0': CMAKE_PREFIX_PATH=/home/vom/ros2_ws/install/velodyne_lidar:/opt/ros/humble /usr/bin/cmake /home/vom/RasPi_LiDAR/src/velodyne_lidar_bringup -DAMENT_CMAKE_SYMLINK_INSTALL=1 -DCMAKE_INSTALL_PREFIX=/home/vom/RasPi_LiDAR/install/velodyne_lidar_bringup
[1.364s] Invoking command in '/home/vom/RasPi_LiDAR/build/velodyne_lidar_bringup': CMAKE_PREFIX_PATH=/home/vom/ros2_ws/install/velodyne_lidar:/opt/ros/humble /usr/bin/cmake --build /home/vom/RasPi_LiDAR/build/velodyne_lidar_bringup -- -j8 -l8
[1.400s] Invoked command in '/home/vom/RasPi_LiDAR/build/velodyne_lidar_bringup' returned '0': CMAKE_PREFIX_PATH=/home/vom/ros2_ws/install/velodyne_lidar:/opt/ros/humble /usr/bin/cmake --build /home/vom/RasPi_LiDAR/build/velodyne_lidar_bringup -- -j8 -l8
[1.427s] Invoking command in '/home/vom/RasPi_LiDAR/build/velodyne_lidar_bringup': CMAKE_PREFIX_PATH=/home/vom/ros2_ws/install/velodyne_lidar:/opt/ros/humble /usr/bin/cmake --install /home/vom/RasPi_LiDAR/build/velodyne_lidar_bringup
[1.433s] -- Install configuration: ""
[1.433s] -- Execute custom install script
[1.434s] -- Symlinking: /home/vom/RasPi_LiDAR/install/velodyne_lidar_bringup/share/velodyne_lidar_bringup/launch/lidar.launch.py
[1.441s] -- Symlinking: /home/vom/RasPi_LiDAR/install/velodyne_lidar_bringup/share/ament_index/resource_index/package_run_dependencies/velodyne_lidar_bringup
[1.449s] -- Symlinking: /home/vom/RasPi_LiDAR/install/velodyne_lidar_bringup/share/ament_index/resource_index/parent_prefix_path/velodyne_lidar_bringup
[1.459s] -- Symlinking: /home/vom/RasPi_LiDAR/install/velodyne_lidar_bringup/share/velodyne_lidar_bringup/environment/ament_prefix_path.sh
[1.467s] -- Symlinking: /home/vom/RasPi_LiDAR/install/velodyne_lidar_bringup/share/velodyne_lidar_bringup/environment/ament_prefix_path.dsv
[1.475s] -- Symlinking: /home/vom/RasPi_LiDAR/install/velodyne_lidar_bringup/share/velodyne_lidar_bringup/environment/path.sh
[1.483s] -- Symlinking: /home/vom/RasPi_LiDAR/install/velodyne_lidar_bringup/share/velodyne_lidar_bringup/environment/path.dsv
[1.493s] -- Symlinking: /home/vom/RasPi_LiDAR/install/velodyne_lidar_bringup/share/velodyne_lidar_bringup/local_setup.bash
[1.502s] -- Symlinking: /home/vom/RasPi_LiDAR/install/velodyne_lidar_bringup/share/velodyne_lidar_bringup/local_setup.sh
[1.510s] -- Symlinking: /home/vom/RasPi_LiDAR/install/velodyne_lidar_bringup/share/velodyne_lidar_bringup/local_setup.zsh
[1.518s] -- Symlinking: /home/vom/RasPi_LiDAR/install/velodyne_lidar_bringup/share/velodyne_lidar_bringup/local_setup.dsv
[1.525s] -- Symlinking: /home/vom/RasPi_LiDAR/install/velodyne_lidar_bringup/share/velodyne_lidar_bringup/package.dsv
[1.537s] -- Symlinking: /home/vom/RasPi_LiDAR/install/velodyne_lidar_bringup/share/ament_index/resource_index/packages/velodyne_lidar_bringup
[1.544s] -- Symlinking: /home/vom/RasPi_LiDAR/install/velodyne_lidar_bringup/share/velodyne_lidar_bringup/cmake/velodyne_lidar_bringupConfig.cmake
[1.551s] -- Symlinking: /home/vom/RasPi_LiDAR/install/velodyne_lidar_bringup/share/velodyne_lidar_bringup/cmake/velodyne_lidar_bringupConfig-version.cmake
[1.563s] -- Symlinking: /home/vom/RasPi_LiDAR/install/velodyne_lidar_bringup/share/velodyne_lidar_bringup/package.xml
[1.609s] Invoked command in '/home/vom/RasPi_LiDAR/build/velodyne_lidar_bringup' returned '0': CMAKE_PREFIX_PATH=/home/vom/ros2_ws/install/velodyne_lidar:/opt/ros/humble /usr/bin/cmake --install /home/vom/RasPi_LiDAR/build/velodyne_lidar_bringup
